2025-11-21T16:46:19.022+08:00  WARN 6896 --- [main] c.a.nacos.client.logging.NacosLogging    : Load Logback Configuration of Nacos fail, message: Could not initialize Logback Nacos logging from classpath:nacos-logback.xml
2025-11-21T16:46:19.044+08:00  INFO 6896 --- [main] c.a.n.c.c.impl.LocalConfigInfoProcessor  : LOCAL_SNAPSHOT_PATH:C:\Users\zxcvz\nacos\config
2025-11-21T16:46:19.048+08:00  INFO 6896 --- [main] com.alibaba.nacos.common.remote.client   : [RpcClientFactory] create a new rpc client of 74296bb8-74f7-41bc-a5dd-465eafa9b146_config-0
2025-11-21T16:46:19.065+08:00  INFO 6896 --- [main] com.alibaba.nacos.common.remote.client   : [74296bb8-74f7-41bc-a5dd-465eafa9b146_config-0] Register server push request handler:com.alibaba.nacos.client.config.impl.ClientWorker$ConfigRpcTransportClient$$Lambda$458/0x000002b42731a918
2025-11-21T16:46:19.066+08:00  INFO 6896 --- [main] com.alibaba.nacos.common.remote.client   : [74296bb8-74f7-41bc-a5dd-465eafa9b146_config-0] Register server push request handler:com.alibaba.nacos.client.config.impl.ClientWorker$ConfigRpcTransportClient$$Lambda$459/0x000002b42731ad38
2025-11-21T16:46:19.067+08:00  INFO 6896 --- [main] com.alibaba.nacos.common.remote.client   : [74296bb8-74f7-41bc-a5dd-465eafa9b146_config-0] Registry connection listener to current client:com.alibaba.nacos.client.config.impl.ClientWorker$ConfigRpcTransportClient$1
2025-11-21T16:46:19.067+08:00  INFO 6896 --- [main] com.alibaba.nacos.common.remote.client   : [74296bb8-74f7-41bc-a5dd-465eafa9b146_config-0] RpcClient init, ServerListFactory = com.alibaba.nacos.client.config.impl.ClientWorker$ConfigRpcTransportClient$2
2025-11-21T16:46:19.074+08:00  INFO 6896 --- [main] com.alibaba.nacos.common.remote.client   : [74296bb8-74f7-41bc-a5dd-465eafa9b146_config-0] Try to connect to server on start up, server: {serverIp = '127.0.0.1', server main port = 8848}
2025-11-21T16:46:19.109+08:00  INFO 6896 --- [main] c.a.n.c.remote.client.grpc.GrpcClient    : grpc client connection server:127.0.0.1 ip,serverPort:9848,grpcTslConfig:{"sslProvider":"OPENSSL","enableTls":false,"mutualAuthEnable":false,"trustAll":false}
2025-11-21T16:46:19.808+08:00  INFO 6896 --- [main] com.alibaba.nacos.common.remote.client   : [74296bb8-74f7-41bc-a5dd-465eafa9b146_config-0] Success to connect to server [127.0.0.1:8848] on start up, connectionId = 1763714779629_127.0.0.1_53082
2025-11-21T16:46:19.809+08:00  INFO 6896 --- [com.alibaba.nacos.client.remote.worker] com.alibaba.nacos.common.remote.client   : [74296bb8-74f7-41bc-a5dd-465eafa9b146_config-0] Notify connected event to listeners.
2025-11-21T16:46:19.809+08:00  INFO 6896 --- [main] com.alibaba.nacos.common.remote.client   : [74296bb8-74f7-41bc-a5dd-465eafa9b146_config-0] Register server push request handler:com.alibaba.nacos.common.remote.client.RpcClient$ConnectResetRequestHandler
2025-11-21T16:46:19.809+08:00  INFO 6896 --- [com.alibaba.nacos.client.remote.worker] c.a.n.client.config.impl.ClientWorker    : [74296bb8-74f7-41bc-a5dd-465eafa9b146_config-0] Connected,notify listen context...
2025-11-21T16:46:19.809+08:00  INFO 6896 --- [main] com.alibaba.nacos.common.remote.client   : [74296bb8-74f7-41bc-a5dd-465eafa9b146_config-0] Register server push request handler:com.alibaba.nacos.common.remote.client.RpcClient$$Lambda$481/0x000002b4274622d8
2025-11-21T16:46:19.832+08:00  INFO 6896 --- [main] c.a.nacos.client.config.impl.Limiter     : limitTime:5.0
2025-11-21T16:46:19.845+08:00  WARN 6896 --- [main] c.a.c.n.c.NacosPropertySourceBuilder     : Ignore the empty nacos configuration and get it based on dataId[blog-service] & group[DEFAULT_GROUP]
2025-11-21T16:46:19.851+08:00  WARN 6896 --- [main] c.a.c.n.c.NacosPropertySourceBuilder     : Ignore the empty nacos configuration and get it based on dataId[blog-service.properties] & group[DEFAULT_GROUP]
2025-11-21T16:46:19.852+08:00  INFO 6896 --- [main] b.c.PropertySourceBootstrapConfiguration : Located property source: [BootstrapPropertySource {name='bootstrapProperties-blog-service.properties,DEFAULT_GROUP'}, BootstrapPropertySource {name='bootstrapProperties-blog-service,DEFAULT_GROUP'}]
2025-11-21T16:46:19.862+08:00  WARN 6896 --- [main] c.a.nacos.client.logging.NacosLogging    : Load Logback Configuration of Nacos fail, message: Could not initialize Logback Nacos logging from classpath:nacos-logback.xml
2025-11-21T16:46:19.863+08:00  INFO 6896 --- [main] com.bit.blog.BlogServiceApplication      : No active profile set, falling back to 1 default profile: "default"
2025-11-21T16:46:20.423+08:00  INFO 6896 --- [main] o.s.cloud.context.scope.GenericScope     : BeanFactory id=c9457d51-c61b-3a9d-961e-d7cc909ea597
2025-11-21T16:46:20.796+08:00  INFO 6896 --- [main] o.s.b.w.embedded.tomcat.TomcatWebServer  : Tomcat initialized with port(s): 9090 (http)
2025-11-21T16:46:20.806+08:00  INFO 6896 --- [main] o.apache.catalina.core.StandardService   : Starting service [Tomcat]
2025-11-21T16:46:20.806+08:00  INFO 6896 --- [main] o.apache.catalina.core.StandardEngine    : Starting Servlet engine: [Apache Tomcat/10.1.16]
2025-11-21T16:46:20.897+08:00  INFO 6896 --- [main] o.a.c.c.C.[Tomcat].[localhost].[/]       : Initializing Spring embedded WebApplicationContext
2025-11-21T16:46:20.897+08:00  INFO 6896 --- [main] w.s.c.ServletWebServerApplicationContext : Root WebApplicationContext: initialization completed in 1025 ms
2025-11-21T16:46:22.273+08:00  WARN 6896 --- [main] iguration$LoadBalancerCaffeineWarnLogger : Spring Cloud LoadBalancer is currently working with the default cache. While this cache implementation is useful for development and tests, it's recommended to use Caffeine cache in production.You can switch to using Caffeine cache, by adding it and org.springframework.cache.caffeine.CaffeineCacheManager to the classpath.
2025-11-21T16:46:22.359+08:00  INFO 6896 --- [main] o.s.b.w.embedded.tomcat.TomcatWebServer  : Tomcat started on port(s): 9090 (http) with context path ''
2025-11-21T16:46:22.365+08:00  INFO 6896 --- [main] com.alibaba.nacos.client.naming          : initializer namespace from ans.namespace attribute : null
2025-11-21T16:46:22.366+08:00  INFO 6896 --- [main] com.alibaba.nacos.client.naming          : initializer namespace from ALIBABA_ALIWARE_NAMESPACE attribute :null
2025-11-21T16:46:22.367+08:00  INFO 6896 --- [main] com.alibaba.nacos.client.naming          : initializer namespace from namespace attribute :null
2025-11-21T16:46:22.382+08:00  INFO 6896 --- [main] c.a.n.p.a.s.c.ClientAuthPluginManager    : [ClientAuthPluginManager] Load ClientAuthService com.alibaba.nacos.client.auth.impl.NacosClientAuthServiceImpl success.
2025-11-21T16:46:22.382+08:00  INFO 6896 --- [main] c.a.n.p.a.s.c.ClientAuthPluginManager    : [ClientAuthPluginManager] Load ClientAuthService com.alibaba.nacos.client.auth.ram.RamClientAuthServiceImpl success.
2025-11-21T16:46:22.390+08:00  INFO 6896 --- [main] com.alibaba.nacos.common.remote.client   : [RpcClientFactory] create a new rpc client of 79e08fcd-a225-4959-8e11-29746c3e5f41
2025-11-21T16:46:22.392+08:00  INFO 6896 --- [main] com.alibaba.nacos.common.remote.client   : [79e08fcd-a225-4959-8e11-29746c3e5f41] RpcClient init, ServerListFactory = com.alibaba.nacos.client.naming.core.ServerListManager
2025-11-21T16:46:22.393+08:00  INFO 6896 --- [main] com.alibaba.nacos.common.remote.client   : [79e08fcd-a225-4959-8e11-29746c3e5f41] Registry connection listener to current client:com.alibaba.nacos.client.naming.remote.gprc.redo.NamingGrpcRedoService
2025-11-21T16:46:22.393+08:00  INFO 6896 --- [main] com.alibaba.nacos.common.remote.client   : [79e08fcd-a225-4959-8e11-29746c3e5f41] Register server push request handler:com.alibaba.nacos.client.naming.remote.gprc.NamingPushRequestHandler
2025-11-21T16:46:22.395+08:00  INFO 6896 --- [main] com.alibaba.nacos.common.remote.client   : [79e08fcd-a225-4959-8e11-29746c3e5f41] Try to connect to server on start up, server: {serverIp = '127.0.0.1', server main port = 8848}
2025-11-21T16:46:22.395+08:00  INFO 6896 --- [main] c.a.n.c.remote.client.grpc.GrpcClient    : grpc client connection server:127.0.0.1 ip,serverPort:9848,grpcTslConfig:{"sslProvider":"OPENSSL","enableTls":false,"mutualAuthEnable":false,"trustAll":false}
2025-11-21T16:46:22.520+08:00  INFO 6896 --- [main] com.alibaba.nacos.common.remote.client   : [79e08fcd-a225-4959-8e11-29746c3e5f41] Success to connect to server [127.0.0.1:8848] on start up, connectionId = 1763714782403_127.0.0.1_58638
2025-11-21T16:46:22.520+08:00  INFO 6896 --- [com.alibaba.nacos.client.remote.worker] com.alibaba.nacos.common.remote.client   : [79e08fcd-a225-4959-8e11-29746c3e5f41] Notify connected event to listeners.
2025-11-21T16:46:22.521+08:00  INFO 6896 --- [com.alibaba.nacos.client.remote.worker] com.alibaba.nacos.client.naming          : Grpc connection connect
2025-11-21T16:46:22.520+08:00  INFO 6896 --- [main] com.alibaba.nacos.common.remote.client   : [79e08fcd-a225-4959-8e11-29746c3e5f41] Register server push request handler:com.alibaba.nacos.common.remote.client.RpcClient$ConnectResetRequestHandler
2025-11-21T16:46:22.521+08:00  INFO 6896 --- [main] com.alibaba.nacos.common.remote.client   : [79e08fcd-a225-4959-8e11-29746c3e5f41] Register server push request handler:com.alibaba.nacos.common.remote.client.RpcClient$$Lambda$481/0x000002b4274622d8
2025-11-21T16:46:22.522+08:00  INFO 6896 --- [main] com.alibaba.nacos.client.naming          : [REGISTER-SERVICE] public registering service blog-service with instance Instance{instanceId='null', ip='192.168.81.150', port=9090, weight=1.0, healthy=true, enabled=true, ephemeral=true, clusterName='DEFAULT', serviceName='null', metadata={IPv6=[2408:8459:660:aaf:c363:e9d7:6cc:6a0f], preserved.register.source=SPRING_CLOUD}}
2025-11-21T16:46:22.540+08:00  INFO 6896 --- [main] c.a.c.n.registry.NacosServiceRegistry    : nacos registry, DEFAULT_GROUP blog-service 192.168.81.150:9090 register finished
2025-11-21T16:46:22.735+08:00  INFO 6896 --- [main] com.bit.blog.BlogServiceApplication      : Started BlogServiceApplication in 4.843 seconds (process running for 5.246)
2025-11-21T16:46:22.738+08:00  INFO 6896 --- [main] c.a.nacos.client.config.impl.CacheData   : nacos.cache.data.init.snapshot = true 
2025-11-21T16:46:22.739+08:00  INFO 6896 --- [main] c.a.n.client.config.impl.ClientWorker    : [fixed-127.0.0.1_8848] [subscribe] blog-service+DEFAULT_GROUP
2025-11-21T16:46:22.744+08:00  INFO 6896 --- [main] c.a.nacos.client.config.impl.CacheData   : [fixed-127.0.0.1_8848] [add-listener] ok, tenant=, dataId=blog-service, group=DEFAULT_GROUP, cnt=1
2025-11-21T16:46:22.744+08:00  INFO 6896 --- [main] c.a.c.n.refresh.NacosContextRefresher    : [Nacos Config] Listening config: dataId=blog-service, group=DEFAULT_GROUP
2025-11-21T16:46:22.744+08:00  INFO 6896 --- [main] c.a.n.client.config.impl.ClientWorker    : [fixed-127.0.0.1_8848] [subscribe] blog-service.properties+DEFAULT_GROUP
2025-11-21T16:46:22.746+08:00  INFO 6896 --- [main] c.a.nacos.client.config.impl.CacheData   : [fixed-127.0.0.1_8848] [add-listener] ok, tenant=, dataId=blog-service.properties, group=DEFAULT_GROUP, cnt=1
2025-11-21T16:46:22.746+08:00  INFO 6896 --- [main] c.a.c.n.refresh.NacosContextRefresher    : [Nacos Config] Listening config: dataId=blog-service.properties, group=DEFAULT_GROUP
2025-11-21T16:47:22.158+08:00  INFO 6896 --- [http-nio-9090-exec-1] o.a.c.c.C.[Tomcat].[localhost].[/]       : Initializing Spring DispatcherServlet 'dispatcherServlet'
2025-11-21T16:47:22.158+08:00  INFO 6896 --- [http-nio-9090-exec-1] o.s.web.servlet.DispatcherServlet        : Initializing Servlet 'dispatcherServlet'
2025-11-21T16:47:22.160+08:00  INFO 6896 --- [http-nio-9090-exec-1] o.s.web.servlet.DispatcherServlet        : Completed initialization in 2 ms
2025-11-21T16:47:22.207+08:00  INFO 6896 --- [http-nio-9090-exec-1] com.bit.blog.controller.BlogController   : getBlogDetail, blogId: 1
2025-11-21T16:47:22.357+08:00  INFO 6896 --- [http-nio-9090-exec-1] com.zaxxer.hikari.HikariDataSource       : HikariPool-1 - Starting...
2025-11-21T16:47:22.580+08:00  INFO 6896 --- [http-nio-9090-exec-1] com.zaxxer.hikari.pool.HikariPool        : HikariPool-1 - Added connection com.mysql.cj.jdbc.ConnectionImpl@63c9f9e1
2025-11-21T16:47:22.582+08:00  INFO 6896 --- [http-nio-9090-exec-1] com.zaxxer.hikari.HikariDataSource       : HikariPool-1 - Start completed.
2025-11-21T16:48:57.432+08:00  WARN 6896 --- [Thread-1] c.a.n.common.http.HttpClientBeanHolder   : [HttpClientBeanHolder] Start destroying common HttpClient
2025-11-21T16:48:57.432+08:00  WARN 6896 --- [Thread-7] c.a.nacos.common.notify.NotifyCenter     : [NotifyCenter] Start destroying Publisher
2025-11-21T16:48:57.432+08:00  WARN 6896 --- [Thread-7] c.a.nacos.common.notify.NotifyCenter     : [NotifyCenter] Destruction of the end
2025-11-21T16:48:57.433+08:00  WARN 6896 --- [Thread-1] c.a.n.common.http.HttpClientBeanHolder   : [HttpClientBeanHolder] Destruction of the end
2025-11-21T16:48:57.469+08:00  INFO 6896 --- [SpringApplicationShutdownHook] c.a.c.n.registry.NacosServiceRegistry    : De-registering from Nacos Server now...
2025-11-21T16:48:57.469+08:00  INFO 6896 --- [SpringApplicationShutdownHook] com.alibaba.nacos.client.naming          : [DEREGISTER-SERVICE] public deregistering service blog-service with instance: Instance{instanceId='null', ip='192.168.81.150', port=9090, weight=1.0, healthy=true, enabled=true, ephemeral=true, clusterName='DEFAULT', serviceName='null', metadata={}}
2025-11-21T16:48:57.473+08:00  INFO 6896 --- [SpringApplicationShutdownHook] c.a.c.n.registry.NacosServiceRegistry    : De-registration finished.
2025-11-21T16:48:57.474+08:00  INFO 6896 --- [SpringApplicationShutdownHook] com.alibaba.nacos.client.naming          : com.alibaba.nacos.client.naming.cache.ServiceInfoHolder do shutdown begin
2025-11-21T16:48:57.474+08:00  INFO 6896 --- [SpringApplicationShutdownHook] com.alibaba.nacos.client.naming          : com.alibaba.nacos.client.naming.backups.FailoverReactor do shutdown begin
2025-11-21T16:48:57.475+08:00  INFO 6896 --- [SpringApplicationShutdownHook] com.alibaba.nacos.client.naming          : com.alibaba.nacos.client.naming.backups.FailoverReactor do shutdown stop
2025-11-21T16:48:57.475+08:00  INFO 6896 --- [SpringApplicationShutdownHook] com.alibaba.nacos.client.naming          : com.alibaba.nacos.client.naming.cache.ServiceInfoHolder do shutdown stop
2025-11-21T16:48:57.475+08:00  INFO 6896 --- [SpringApplicationShutdownHook] com.alibaba.nacos.client.naming          : com.alibaba.nacos.client.naming.remote.NamingClientProxyDelegate do shutdown begin
2025-11-21T16:48:57.475+08:00  INFO 6896 --- [SpringApplicationShutdownHook] com.alibaba.nacos.client.naming          : com.alibaba.nacos.client.naming.core.ServiceInfoUpdateService do shutdown begin
2025-11-21T16:48:57.475+08:00  INFO 6896 --- [SpringApplicationShutdownHook] com.alibaba.nacos.client.naming          : com.alibaba.nacos.client.naming.core.ServiceInfoUpdateService do shutdown stop
2025-11-21T16:48:57.475+08:00  INFO 6896 --- [SpringApplicationShutdownHook] com.alibaba.nacos.client.naming          : com.alibaba.nacos.client.naming.core.ServerListManager do shutdown begin
2025-11-21T16:48:57.475+08:00  WARN 6896 --- [SpringApplicationShutdownHook] com.alibaba.nacos.client.naming          : [NamingHttpClientManager] Start destroying NacosRestTemplate
2025-11-21T16:48:57.475+08:00  WARN 6896 --- [SpringApplicationShutdownHook] com.alibaba.nacos.client.naming          : [NamingHttpClientManager] Destruction of the end
2025-11-21T16:48:57.475+08:00  INFO 6896 --- [SpringApplicationShutdownHook] com.alibaba.nacos.client.naming          : com.alibaba.nacos.client.naming.core.ServerListManager do shutdown stop
2025-11-21T16:48:57.475+08:00  INFO 6896 --- [SpringApplicationShutdownHook] com.alibaba.nacos.client.naming          : com.alibaba.nacos.client.naming.remote.http.NamingHttpClientProxy do shutdown begin
2025-11-21T16:48:57.475+08:00  WARN 6896 --- [SpringApplicationShutdownHook] com.alibaba.nacos.client.naming          : [NamingHttpClientManager] Start destroying NacosRestTemplate
2025-11-21T16:48:57.475+08:00  WARN 6896 --- [SpringApplicationShutdownHook] com.alibaba.nacos.client.naming          : [NamingHttpClientManager] Destruction of the end
2025-11-21T16:48:57.475+08:00  INFO 6896 --- [SpringApplicationShutdownHook] com.alibaba.nacos.client.naming          : com.alibaba.nacos.client.naming.remote.http.NamingHttpClientProxy do shutdown stop
2025-11-21T16:48:57.475+08:00  INFO 6896 --- [SpringApplicationShutdownHook] com.alibaba.nacos.common.remote.client   : Shutdown rpc client, set status to shutdown
2025-11-21T16:48:57.475+08:00  INFO 6896 --- [SpringApplicationShutdownHook] com.alibaba.nacos.common.remote.client   : Shutdown client event executor java.util.concurrent.ScheduledThreadPoolExecutor@28d9b79d[Running, pool size = 2, active threads = 2, queued tasks = 0, completed tasks = 0]
2025-11-21T16:48:57.475+08:00  INFO 6896 --- [SpringApplicationShutdownHook] com.alibaba.nacos.common.remote.client   : Close current connection 1763714782403_127.0.0.1_58638
2025-11-21T16:48:57.477+08:00  INFO 6896 --- [SpringApplicationShutdownHook] c.a.n.c.remote.client.grpc.GrpcClient    : Shutdown grpc executor java.util.concurrent.ThreadPoolExecutor@3b5c6a33[Running, pool size = 4, active threads = 0, queued tasks = 0, completed tasks = 60]
2025-11-21T16:48:57.477+08:00  INFO 6896 --- [SpringApplicationShutdownHook] com.alibaba.nacos.client.naming          : Shutdown grpc redo service executor java.util.concurrent.ScheduledThreadPoolExecutor@1134f898[Running, pool size = 1, active threads = 0, queued tasks = 1, completed tasks = 51]
2025-11-21T16:48:57.478+08:00  INFO 6896 --- [SpringApplicationShutdownHook] c.a.n.c.a.r.identify.CredentialWatcher   : [null] CredentialWatcher is stopped
2025-11-21T16:48:57.478+08:00  INFO 6896 --- [SpringApplicationShutdownHook] c.a.n.c.a.r.identify.CredentialService   : [null] CredentialService is freed
2025-11-21T16:48:57.478+08:00  INFO 6896 --- [SpringApplicationShutdownHook] com.alibaba.nacos.client.naming          : com.alibaba.nacos.client.naming.remote.NamingClientProxyDelegate do shutdown stop
2025-11-21T16:48:57.480+08:00  INFO 6896 --- [SpringApplicationShutdownHook] com.zaxxer.hikari.HikariDataSource       : HikariPool-1 - Shutdown initiated...
2025-11-21T16:48:57.489+08:00  INFO 6896 --- [SpringApplicationShutdownHook] com.zaxxer.hikari.HikariDataSource       : HikariPool-1 - Shutdown completed.
2025-11-21T17:29:10.217+08:00  WARN 3456 --- [main] c.a.nacos.client.logging.NacosLogging    : Load Logback Configuration of Nacos fail, message: Could not initialize Logback Nacos logging from classpath:nacos-logback.xml
2025-11-21T17:29:10.234+08:00  INFO 3456 --- [main] c.a.n.c.c.impl.LocalConfigInfoProcessor  : LOCAL_SNAPSHOT_PATH:C:\Users\zxcvz\nacos\config
2025-11-21T17:29:10.238+08:00  INFO 3456 --- [main] com.alibaba.nacos.common.remote.client   : [RpcClientFactory] create a new rpc client of 9a425d17-21db-46cf-937e-2b3c91ff0c4f_config-0
2025-11-21T17:29:10.255+08:00  INFO 3456 --- [main] com.alibaba.nacos.common.remote.client   : [9a425d17-21db-46cf-937e-2b3c91ff0c4f_config-0] Register server push request handler:com.alibaba.nacos.client.config.impl.ClientWorker$ConfigRpcTransportClient$$Lambda$457/0x0000019964317740
2025-11-21T17:29:10.256+08:00  INFO 3456 --- [main] com.alibaba.nacos.common.remote.client   : [9a425d17-21db-46cf-937e-2b3c91ff0c4f_config-0] Register server push request handler:com.alibaba.nacos.client.config.impl.ClientWorker$ConfigRpcTransportClient$$Lambda$458/0x0000019964317b60
2025-11-21T17:29:10.256+08:00  INFO 3456 --- [main] com.alibaba.nacos.common.remote.client   : [9a425d17-21db-46cf-937e-2b3c91ff0c4f_config-0] Registry connection listener to current client:com.alibaba.nacos.client.config.impl.ClientWorker$ConfigRpcTransportClient$1
2025-11-21T17:29:10.256+08:00  INFO 3456 --- [main] com.alibaba.nacos.common.remote.client   : [9a425d17-21db-46cf-937e-2b3c91ff0c4f_config-0] RpcClient init, ServerListFactory = com.alibaba.nacos.client.config.impl.ClientWorker$ConfigRpcTransportClient$2
2025-11-21T17:29:10.265+08:00  INFO 3456 --- [main] com.alibaba.nacos.common.remote.client   : [9a425d17-21db-46cf-937e-2b3c91ff0c4f_config-0] Try to connect to server on start up, server: {serverIp = '127.0.0.1', server main port = 8848}
2025-11-21T17:29:10.304+08:00  INFO 3456 --- [main] c.a.n.c.remote.client.grpc.GrpcClient    : grpc client connection server:127.0.0.1 ip,serverPort:9848,grpcTslConfig:{"sslProvider":"OPENSSL","enableTls":false,"mutualAuthEnable":false,"trustAll":false}
2025-11-21T17:29:10.991+08:00  INFO 3456 --- [main] com.alibaba.nacos.common.remote.client   : [9a425d17-21db-46cf-937e-2b3c91ff0c4f_config-0] Success to connect to server [127.0.0.1:8848] on start up, connectionId = 1763717350812_127.0.0.1_65522
2025-11-21T17:29:10.992+08:00  INFO 3456 --- [com.alibaba.nacos.client.remote.worker] com.alibaba.nacos.common.remote.client   : [9a425d17-21db-46cf-937e-2b3c91ff0c4f_config-0] Notify connected event to listeners.
2025-11-21T17:29:10.992+08:00  INFO 3456 --- [com.alibaba.nacos.client.remote.worker] c.a.n.client.config.impl.ClientWorker    : [9a425d17-21db-46cf-937e-2b3c91ff0c4f_config-0] Connected,notify listen context...
2025-11-21T17:29:10.992+08:00  INFO 3456 --- [main] com.alibaba.nacos.common.remote.client   : [9a425d17-21db-46cf-937e-2b3c91ff0c4f_config-0] Register server push request handler:com.alibaba.nacos.common.remote.client.RpcClient$ConnectResetRequestHandler
2025-11-21T17:29:10.992+08:00  INFO 3456 --- [main] com.alibaba.nacos.common.remote.client   : [9a425d17-21db-46cf-937e-2b3c91ff0c4f_config-0] Register server push request handler:com.alibaba.nacos.common.remote.client.RpcClient$$Lambda$480/0x0000019964460a88
2025-11-21T17:29:11.020+08:00  INFO 3456 --- [main] c.a.nacos.client.config.impl.Limiter     : limitTime:5.0
2025-11-21T17:29:11.030+08:00  WARN 3456 --- [main] c.a.c.n.c.NacosPropertySourceBuilder     : Ignore the empty nacos configuration and get it based on dataId[blog-service] & group[DEFAULT_GROUP]
2025-11-21T17:29:11.036+08:00  WARN 3456 --- [main] c.a.c.n.c.NacosPropertySourceBuilder     : Ignore the empty nacos configuration and get it based on dataId[blog-service.properties] & group[DEFAULT_GROUP]
2025-11-21T17:29:11.037+08:00  INFO 3456 --- [main] b.c.PropertySourceBootstrapConfiguration : Located property source: [BootstrapPropertySource {name='bootstrapProperties-blog-service.properties,DEFAULT_GROUP'}, BootstrapPropertySource {name='bootstrapProperties-blog-service,DEFAULT_GROUP'}]
2025-11-21T17:29:11.049+08:00  WARN 3456 --- [main] c.a.nacos.client.logging.NacosLogging    : Load Logback Configuration of Nacos fail, message: Could not initialize Logback Nacos logging from classpath:nacos-logback.xml
2025-11-21T17:29:11.050+08:00  INFO 3456 --- [main] com.bit.blog.BlogServiceApplication      : No active profile set, falling back to 1 default profile: "default"
2025-11-21T17:29:11.613+08:00  INFO 3456 --- [main] o.s.cloud.context.scope.GenericScope     : BeanFactory id=c9457d51-c61b-3a9d-961e-d7cc909ea597
2025-11-21T17:29:11.965+08:00  INFO 3456 --- [main] o.s.b.w.embedded.tomcat.TomcatWebServer  : Tomcat initialized with port(s): 9090 (http)
2025-11-21T17:29:11.976+08:00  INFO 3456 --- [main] o.apache.catalina.core.StandardService   : Starting service [Tomcat]
2025-11-21T17:29:11.976+08:00  INFO 3456 --- [main] o.apache.catalina.core.StandardEngine    : Starting Servlet engine: [Apache Tomcat/10.1.16]
2025-11-21T17:29:12.068+08:00  INFO 3456 --- [main] o.a.c.c.C.[Tomcat].[localhost].[/]       : Initializing Spring embedded WebApplicationContext
2025-11-21T17:29:12.069+08:00  INFO 3456 --- [main] w.s.c.ServletWebServerApplicationContext : Root WebApplicationContext: initialization completed in 1009 ms
2025-11-21T17:29:13.111+08:00  WARN 3456 --- [main] iguration$LoadBalancerCaffeineWarnLogger : Spring Cloud LoadBalancer is currently working with the default cache. While this cache implementation is useful for development and tests, it's recommended to use Caffeine cache in production.You can switch to using Caffeine cache, by adding it and org.springframework.cache.caffeine.CaffeineCacheManager to the classpath.
2025-11-21T17:29:13.153+08:00  INFO 3456 --- [main] o.s.b.w.embedded.tomcat.TomcatWebServer  : Tomcat started on port(s): 9090 (http) with context path ''
2025-11-21T17:29:13.157+08:00  INFO 3456 --- [main] com.alibaba.nacos.client.naming          : initializer namespace from ans.namespace attribute : null
2025-11-21T17:29:13.157+08:00  INFO 3456 --- [main] com.alibaba.nacos.client.naming          : initializer namespace from ALIBABA_ALIWARE_NAMESPACE attribute :null
2025-11-21T17:29:13.158+08:00  INFO 3456 --- [main] com.alibaba.nacos.client.naming          : initializer namespace from namespace attribute :null
2025-11-21T17:29:13.167+08:00  INFO 3456 --- [main] c.a.n.p.a.s.c.ClientAuthPluginManager    : [ClientAuthPluginManager] Load ClientAuthService com.alibaba.nacos.client.auth.impl.NacosClientAuthServiceImpl success.
2025-11-21T17:29:13.167+08:00  INFO 3456 --- [main] c.a.n.p.a.s.c.ClientAuthPluginManager    : [ClientAuthPluginManager] Load ClientAuthService com.alibaba.nacos.client.auth.ram.RamClientAuthServiceImpl success.
2025-11-21T17:29:13.170+08:00  INFO 3456 --- [main] com.alibaba.nacos.common.remote.client   : [RpcClientFactory] create a new rpc client of f07c4f05-b12b-4a27-bfa5-881d9bf2e11f
2025-11-21T17:29:13.171+08:00  INFO 3456 --- [main] com.alibaba.nacos.common.remote.client   : [f07c4f05-b12b-4a27-bfa5-881d9bf2e11f] RpcClient init, ServerListFactory = com.alibaba.nacos.client.naming.core.ServerListManager
2025-11-21T17:29:13.173+08:00  INFO 3456 --- [main] com.alibaba.nacos.common.remote.client   : [f07c4f05-b12b-4a27-bfa5-881d9bf2e11f] Registry connection listener to current client:com.alibaba.nacos.client.naming.remote.gprc.redo.NamingGrpcRedoService
2025-11-21T17:29:13.173+08:00  INFO 3456 --- [main] com.alibaba.nacos.common.remote.client   : [f07c4f05-b12b-4a27-bfa5-881d9bf2e11f] Register server push request handler:com.alibaba.nacos.client.naming.remote.gprc.NamingPushRequestHandler
2025-11-21T17:29:13.173+08:00  INFO 3456 --- [main] com.alibaba.nacos.common.remote.client   : [f07c4f05-b12b-4a27-bfa5-881d9bf2e11f] Try to connect to server on start up, server: {serverIp = '127.0.0.1', server main port = 8848}
2025-11-21T17:29:13.173+08:00  INFO 3456 --- [main] c.a.n.c.remote.client.grpc.GrpcClient    : grpc client connection server:127.0.0.1 ip,serverPort:9848,grpcTslConfig:{"sslProvider":"OPENSSL","enableTls":false,"mutualAuthEnable":false,"trustAll":false}
2025-11-21T17:29:13.288+08:00  INFO 3456 --- [main] com.alibaba.nacos.common.remote.client   : [f07c4f05-b12b-4a27-bfa5-881d9bf2e11f] Success to connect to server [127.0.0.1:8848] on start up, connectionId = 1763717353178_127.0.0.1_65527
2025-11-21T17:29:13.288+08:00  INFO 3456 --- [main] com.alibaba.nacos.common.remote.client   : [f07c4f05-b12b-4a27-bfa5-881d9bf2e11f] Register server push request handler:com.alibaba.nacos.common.remote.client.RpcClient$ConnectResetRequestHandler
2025-11-21T17:29:13.288+08:00  INFO 3456 --- [main] com.alibaba.nacos.common.remote.client   : [f07c4f05-b12b-4a27-bfa5-881d9bf2e11f] Register server push request handler:com.alibaba.nacos.common.remote.client.RpcClient$$Lambda$480/0x0000019964460a88
2025-11-21T17:29:13.288+08:00  INFO 3456 --- [com.alibaba.nacos.client.remote.worker] com.alibaba.nacos.common.remote.client   : [f07c4f05-b12b-4a27-bfa5-881d9bf2e11f] Notify connected event to listeners.
2025-11-21T17:29:13.288+08:00  INFO 3456 --- [com.alibaba.nacos.client.remote.worker] com.alibaba.nacos.client.naming          : Grpc connection connect
2025-11-21T17:29:13.290+08:00  INFO 3456 --- [main] com.alibaba.nacos.client.naming          : [REGISTER-SERVICE] public registering service blog-service with instance Instance{instanceId='null', ip='192.168.81.150', port=9090, weight=1.0, healthy=true, enabled=true, ephemeral=true, clusterName='DEFAULT', serviceName='null', metadata={IPv6=[2408:8459:660:aaf:c363:e9d7:6cc:6a0f], preserved.register.source=SPRING_CLOUD}}
2025-11-21T17:29:13.299+08:00  INFO 3456 --- [main] c.a.c.n.registry.NacosServiceRegistry    : nacos registry, DEFAULT_GROUP blog-service 192.168.81.150:9090 register finished
2025-11-21T17:29:13.419+08:00  INFO 3456 --- [main] com.bit.blog.BlogServiceApplication      : Started BlogServiceApplication in 4.6 seconds (process running for 5.108)
2025-11-21T17:29:13.423+08:00  INFO 3456 --- [main] c.a.nacos.client.config.impl.CacheData   : nacos.cache.data.init.snapshot = true 
2025-11-21T17:29:13.423+08:00  INFO 3456 --- [main] c.a.n.client.config.impl.ClientWorker    : [fixed-127.0.0.1_8848] [subscribe] blog-service+DEFAULT_GROUP
2025-11-21T17:29:13.429+08:00  INFO 3456 --- [main] c.a.nacos.client.config.impl.CacheData   : [fixed-127.0.0.1_8848] [add-listener] ok, tenant=, dataId=blog-service, group=DEFAULT_GROUP, cnt=1
2025-11-21T17:29:13.429+08:00  INFO 3456 --- [main] c.a.c.n.refresh.NacosContextRefresher    : [Nacos Config] Listening config: dataId=blog-service, group=DEFAULT_GROUP
2025-11-21T17:29:13.430+08:00  INFO 3456 --- [main] c.a.n.client.config.impl.ClientWorker    : [fixed-127.0.0.1_8848] [subscribe] blog-service.properties+DEFAULT_GROUP
2025-11-21T17:29:13.430+08:00  INFO 3456 --- [main] c.a.nacos.client.config.impl.CacheData   : [fixed-127.0.0.1_8848] [add-listener] ok, tenant=, dataId=blog-service.properties, group=DEFAULT_GROUP, cnt=1
2025-11-21T17:29:13.430+08:00  INFO 3456 --- [main] c.a.c.n.refresh.NacosContextRefresher    : [Nacos Config] Listening config: dataId=blog-service.properties, group=DEFAULT_GROUP
2025-11-21T18:44:12.116+08:00  WARN 3456 --- [Thread-7] c.a.nacos.common.notify.NotifyCenter     : [NotifyCenter] Start destroying Publisher
2025-11-21T18:44:12.116+08:00  WARN 3456 --- [Thread-1] c.a.n.common.http.HttpClientBeanHolder   : [HttpClientBeanHolder] Start destroying common HttpClient
2025-11-21T18:44:12.117+08:00  WARN 3456 --- [Thread-7] c.a.nacos.common.notify.NotifyCenter     : [NotifyCenter] Destruction of the end
2025-11-21T18:44:12.117+08:00  WARN 3456 --- [Thread-1] c.a.n.common.http.HttpClientBeanHolder   : [HttpClientBeanHolder] Destruction of the end
2025-11-21T18:44:12.141+08:00  INFO 3456 --- [SpringApplicationShutdownHook] c.a.c.n.registry.NacosServiceRegistry    : De-registering from Nacos Server now...
2025-11-21T18:44:12.141+08:00  INFO 3456 --- [SpringApplicationShutdownHook] com.alibaba.nacos.client.naming          : [DEREGISTER-SERVICE] public deregistering service blog-service with instance: Instance{instanceId='null', ip='192.168.81.150', port=9090, weight=1.0, healthy=true, enabled=true, ephemeral=true, clusterName='DEFAULT', serviceName='null', metadata={}}
2025-11-21T18:44:12.143+08:00  INFO 3456 --- [SpringApplicationShutdownHook] c.a.c.n.registry.NacosServiceRegistry    : De-registration finished.
2025-11-21T18:44:12.145+08:00  INFO 3456 --- [SpringApplicationShutdownHook] com.alibaba.nacos.client.naming          : com.alibaba.nacos.client.naming.cache.ServiceInfoHolder do shutdown begin
2025-11-21T18:44:12.145+08:00  INFO 3456 --- [SpringApplicationShutdownHook] com.alibaba.nacos.client.naming          : com.alibaba.nacos.client.naming.backups.FailoverReactor do shutdown begin
2025-11-21T18:44:12.145+08:00  INFO 3456 --- [SpringApplicationShutdownHook] com.alibaba.nacos.client.naming          : com.alibaba.nacos.client.naming.backups.FailoverReactor do shutdown stop
2025-11-21T18:44:12.145+08:00  INFO 3456 --- [SpringApplicationShutdownHook] com.alibaba.nacos.client.naming          : com.alibaba.nacos.client.naming.cache.ServiceInfoHolder do shutdown stop
2025-11-21T18:44:12.145+08:00  INFO 3456 --- [SpringApplicationShutdownHook] com.alibaba.nacos.client.naming          : com.alibaba.nacos.client.naming.remote.NamingClientProxyDelegate do shutdown begin
2025-11-21T18:44:12.145+08:00  INFO 3456 --- [SpringApplicationShutdownHook] com.alibaba.nacos.client.naming          : com.alibaba.nacos.client.naming.core.ServiceInfoUpdateService do shutdown begin
2025-11-21T18:44:12.145+08:00  INFO 3456 --- [SpringApplicationShutdownHook] com.alibaba.nacos.client.naming          : com.alibaba.nacos.client.naming.core.ServiceInfoUpdateService do shutdown stop
2025-11-21T18:44:12.145+08:00  INFO 3456 --- [SpringApplicationShutdownHook] com.alibaba.nacos.client.naming          : com.alibaba.nacos.client.naming.core.ServerListManager do shutdown begin
2025-11-21T18:44:12.145+08:00  WARN 3456 --- [SpringApplicationShutdownHook] com.alibaba.nacos.client.naming          : [NamingHttpClientManager] Start destroying NacosRestTemplate
2025-11-21T18:44:12.145+08:00  WARN 3456 --- [SpringApplicationShutdownHook] com.alibaba.nacos.client.naming          : [NamingHttpClientManager] Destruction of the end
2025-11-21T18:44:12.145+08:00  INFO 3456 --- [SpringApplicationShutdownHook] com.alibaba.nacos.client.naming          : com.alibaba.nacos.client.naming.core.ServerListManager do shutdown stop
2025-11-21T18:44:12.145+08:00  INFO 3456 --- [SpringApplicationShutdownHook] com.alibaba.nacos.client.naming          : com.alibaba.nacos.client.naming.remote.http.NamingHttpClientProxy do shutdown begin
2025-11-21T18:44:12.145+08:00  WARN 3456 --- [SpringApplicationShutdownHook] com.alibaba.nacos.client.naming          : [NamingHttpClientManager] Start destroying NacosRestTemplate
2025-11-21T18:44:12.145+08:00  WARN 3456 --- [SpringApplicationShutdownHook] com.alibaba.nacos.client.naming          : [NamingHttpClientManager] Destruction of the end
2025-11-21T18:44:12.145+08:00  INFO 3456 --- [SpringApplicationShutdownHook] com.alibaba.nacos.client.naming          : com.alibaba.nacos.client.naming.remote.http.NamingHttpClientProxy do shutdown stop
2025-11-21T18:44:12.145+08:00  INFO 3456 --- [SpringApplicationShutdownHook] com.alibaba.nacos.common.remote.client   : Shutdown rpc client, set status to shutdown
2025-11-21T18:44:12.145+08:00  INFO 3456 --- [SpringApplicationShutdownHook] com.alibaba.nacos.common.remote.client   : Shutdown client event executor java.util.concurrent.ScheduledThreadPoolExecutor@28449e0d[Running, pool size = 2, active threads = 2, queued tasks = 0, completed tasks = 0]
2025-11-21T18:44:12.146+08:00  INFO 3456 --- [SpringApplicationShutdownHook] com.alibaba.nacos.common.remote.client   : Close current connection 1763717353178_127.0.0.1_65527
2025-11-21T18:44:12.147+08:00  INFO 3456 --- [nacos-grpc-client-executor-127.0.0.1-494] c.a.n.c.remote.client.grpc.GrpcClient    : [1763717353178_127.0.0.1_65527]Ignore complete event,isRunning:false,isAbandon=false
2025-11-21T18:44:12.148+08:00  INFO 3456 --- [SpringApplicationShutdownHook] c.a.n.c.remote.client.grpc.GrpcClient    : Shutdown grpc executor java.util.concurrent.ThreadPoolExecutor@34ca43e2[Running, pool size = 4, active threads = 0, queued tasks = 0, completed tasks = 495]
2025-11-21T18:44:12.148+08:00  INFO 3456 --- [SpringApplicationShutdownHook] com.alibaba.nacos.client.naming          : Shutdown grpc redo service executor java.util.concurrent.ScheduledThreadPoolExecutor@1b22f06f[Running, pool size = 1, active threads = 0, queued tasks = 1, completed tasks = 764]
2025-11-21T18:44:12.150+08:00  INFO 3456 --- [SpringApplicationShutdownHook] c.a.n.c.a.r.identify.CredentialWatcher   : [null] CredentialWatcher is stopped
2025-11-21T18:44:12.150+08:00  INFO 3456 --- [SpringApplicationShutdownHook] c.a.n.c.a.r.identify.CredentialService   : [null] CredentialService is freed
2025-11-21T18:44:12.150+08:00  INFO 3456 --- [SpringApplicationShutdownHook] com.alibaba.nacos.client.naming          : com.alibaba.nacos.client.naming.remote.NamingClientProxyDelegate do shutdown stop
2025-11-21T19:35:36.108+08:00  WARN 1504 --- [main] c.a.nacos.client.logging.NacosLogging    : Load Logback Configuration of Nacos fail, message: Could not initialize Logback Nacos logging from classpath:nacos-logback.xml
2025-11-21T19:35:36.130+08:00  INFO 1504 --- [main] c.a.n.c.c.impl.LocalConfigInfoProcessor  : LOCAL_SNAPSHOT_PATH:C:\Users\zxcvz\nacos\config
2025-11-21T19:35:36.135+08:00  INFO 1504 --- [main] com.alibaba.nacos.common.remote.client   : [RpcClientFactory] create a new rpc client of f5f6b665-64c9-4f4f-88b3-d5ee1a3b82b3_config-0
2025-11-21T19:35:36.162+08:00  INFO 1504 --- [main] com.alibaba.nacos.common.remote.client   : [f5f6b665-64c9-4f4f-88b3-d5ee1a3b82b3_config-0] Register server push request handler:com.alibaba.nacos.client.config.impl.ClientWorker$ConfigRpcTransportClient$$Lambda$457/0x0000019991311ee8
2025-11-21T19:35:36.163+08:00  INFO 1504 --- [main] com.alibaba.nacos.common.remote.client   : [f5f6b665-64c9-4f4f-88b3-d5ee1a3b82b3_config-0] Register server push request handler:com.alibaba.nacos.client.config.impl.ClientWorker$ConfigRpcTransportClient$$Lambda$458/0x0000019991312308
2025-11-21T19:35:36.164+08:00  INFO 1504 --- [main] com.alibaba.nacos.common.remote.client   : [f5f6b665-64c9-4f4f-88b3-d5ee1a3b82b3_config-0] Registry connection listener to current client:com.alibaba.nacos.client.config.impl.ClientWorker$ConfigRpcTransportClient$1
2025-11-21T19:35:36.165+08:00  INFO 1504 --- [main] com.alibaba.nacos.common.remote.client   : [f5f6b665-64c9-4f4f-88b3-d5ee1a3b82b3_config-0] RpcClient init, ServerListFactory = com.alibaba.nacos.client.config.impl.ClientWorker$ConfigRpcTransportClient$2
2025-11-21T19:35:36.176+08:00  INFO 1504 --- [main] com.alibaba.nacos.common.remote.client   : [f5f6b665-64c9-4f4f-88b3-d5ee1a3b82b3_config-0] Try to connect to server on start up, server: {serverIp = '127.0.0.1', server main port = 8848}
2025-11-21T19:35:36.222+08:00  INFO 1504 --- [main] c.a.n.c.remote.client.grpc.GrpcClient    : grpc client connection server:127.0.0.1 ip,serverPort:9848,grpcTslConfig:{"sslProvider":"OPENSSL","enableTls":false,"mutualAuthEnable":false,"trustAll":false}
2025-11-21T19:35:37.109+08:00  INFO 1504 --- [main] com.alibaba.nacos.common.remote.client   : [f5f6b665-64c9-4f4f-88b3-d5ee1a3b82b3_config-0] Success to connect to server [127.0.0.1:8848] on start up, connectionId = 1763724936903_127.0.0.1_60770
2025-11-21T19:35:37.110+08:00  INFO 1504 --- [com.alibaba.nacos.client.remote.worker] com.alibaba.nacos.common.remote.client   : [f5f6b665-64c9-4f4f-88b3-d5ee1a3b82b3_config-0] Notify connected event to listeners.
2025-11-21T19:35:37.110+08:00  INFO 1504 --- [main] com.alibaba.nacos.common.remote.client   : [f5f6b665-64c9-4f4f-88b3-d5ee1a3b82b3_config-0] Register server push request handler:com.alibaba.nacos.common.remote.client.RpcClient$ConnectResetRequestHandler
2025-11-21T19:35:37.110+08:00  INFO 1504 --- [com.alibaba.nacos.client.remote.worker] c.a.n.client.config.impl.ClientWorker    : [f5f6b665-64c9-4f4f-88b3-d5ee1a3b82b3_config-0] Connected,notify listen context...
2025-11-21T19:35:37.110+08:00  INFO 1504 --- [main] com.alibaba.nacos.common.remote.client   : [f5f6b665-64c9-4f4f-88b3-d5ee1a3b82b3_config-0] Register server push request handler:com.alibaba.nacos.common.remote.client.RpcClient$$Lambda$480/0x00000199914591e8
2025-11-21T19:35:37.146+08:00  INFO 1504 --- [main] c.a.nacos.client.config.impl.Limiter     : limitTime:5.0
2025-11-21T19:35:37.162+08:00  WARN 1504 --- [main] c.a.c.n.c.NacosPropertySourceBuilder     : Ignore the empty nacos configuration and get it based on dataId[blog-service] & group[DEFAULT_GROUP]
2025-11-21T19:35:37.170+08:00  WARN 1504 --- [main] c.a.c.n.c.NacosPropertySourceBuilder     : Ignore the empty nacos configuration and get it based on dataId[blog-service.properties] & group[DEFAULT_GROUP]
2025-11-21T19:35:37.171+08:00  INFO 1504 --- [main] b.c.PropertySourceBootstrapConfiguration : Located property source: [BootstrapPropertySource {name='bootstrapProperties-blog-service.properties,DEFAULT_GROUP'}, BootstrapPropertySource {name='bootstrapProperties-blog-service,DEFAULT_GROUP'}]
2025-11-21T19:35:37.188+08:00  WARN 1504 --- [main] c.a.nacos.client.logging.NacosLogging    : Load Logback Configuration of Nacos fail, message: Could not initialize Logback Nacos logging from classpath:nacos-logback.xml
2025-11-21T19:35:37.189+08:00  INFO 1504 --- [main] com.bit.blog.BlogServiceApplication      : No active profile set, falling back to 1 default profile: "default"
2025-11-21T19:35:38.072+08:00  INFO 1504 --- [main] o.s.cloud.context.scope.GenericScope     : BeanFactory id=c9457d51-c61b-3a9d-961e-d7cc909ea597
2025-11-21T19:35:38.569+08:00  INFO 1504 --- [main] o.s.b.w.embedded.tomcat.TomcatWebServer  : Tomcat initialized with port(s): 9090 (http)
2025-11-21T19:35:38.581+08:00  INFO 1504 --- [main] o.apache.catalina.core.StandardService   : Starting service [Tomcat]
2025-11-21T19:35:38.582+08:00  INFO 1504 --- [main] o.apache.catalina.core.StandardEngine    : Starting Servlet engine: [Apache Tomcat/10.1.16]
2025-11-21T19:35:38.695+08:00  INFO 1504 --- [main] o.a.c.c.C.[Tomcat].[localhost].[/]       : Initializing Spring embedded WebApplicationContext
2025-11-21T19:35:38.695+08:00  INFO 1504 --- [main] w.s.c.ServletWebServerApplicationContext : Root WebApplicationContext: initialization completed in 1490 ms
2025-11-21T19:35:39.949+08:00  WARN 1504 --- [main] iguration$LoadBalancerCaffeineWarnLogger : Spring Cloud LoadBalancer is currently working with the default cache. While this cache implementation is useful for development and tests, it's recommended to use Caffeine cache in production.You can switch to using Caffeine cache, by adding it and org.springframework.cache.caffeine.CaffeineCacheManager to the classpath.
2025-11-21T19:35:39.999+08:00  INFO 1504 --- [main] o.s.b.w.embedded.tomcat.TomcatWebServer  : Tomcat started on port(s): 9090 (http) with context path ''
2025-11-21T19:35:40.005+08:00  INFO 1504 --- [main] com.alibaba.nacos.client.naming          : initializer namespace from ans.namespace attribute : null
2025-11-21T19:35:40.005+08:00  INFO 1504 --- [main] com.alibaba.nacos.client.naming          : initializer namespace from ALIBABA_ALIWARE_NAMESPACE attribute :null
2025-11-21T19:35:40.006+08:00  INFO 1504 --- [main] com.alibaba.nacos.client.naming          : initializer namespace from namespace attribute :null
2025-11-21T19:35:40.020+08:00  INFO 1504 --- [main] c.a.n.p.a.s.c.ClientAuthPluginManager    : [ClientAuthPluginManager] Load ClientAuthService com.alibaba.nacos.client.auth.impl.NacosClientAuthServiceImpl success.
2025-11-21T19:35:40.020+08:00  INFO 1504 --- [main] c.a.n.p.a.s.c.ClientAuthPluginManager    : [ClientAuthPluginManager] Load ClientAuthService com.alibaba.nacos.client.auth.ram.RamClientAuthServiceImpl success.
2025-11-21T19:35:40.026+08:00  INFO 1504 --- [main] com.alibaba.nacos.common.remote.client   : [RpcClientFactory] create a new rpc client of 871a6a44-672e-4054-b0d6-0030b91fe2c8
2025-11-21T19:35:40.028+08:00  INFO 1504 --- [main] com.alibaba.nacos.common.remote.client   : [871a6a44-672e-4054-b0d6-0030b91fe2c8] RpcClient init, ServerListFactory = com.alibaba.nacos.client.naming.core.ServerListManager
2025-11-21T19:35:40.028+08:00  INFO 1504 --- [main] com.alibaba.nacos.common.remote.client   : [871a6a44-672e-4054-b0d6-0030b91fe2c8] Registry connection listener to current client:com.alibaba.nacos.client.naming.remote.gprc.redo.NamingGrpcRedoService
2025-11-21T19:35:40.028+08:00  INFO 1504 --- [main] com.alibaba.nacos.common.remote.client   : [871a6a44-672e-4054-b0d6-0030b91fe2c8] Register server push request handler:com.alibaba.nacos.client.naming.remote.gprc.NamingPushRequestHandler
2025-11-21T19:35:40.030+08:00  INFO 1504 --- [main] com.alibaba.nacos.common.remote.client   : [871a6a44-672e-4054-b0d6-0030b91fe2c8] Try to connect to server on start up, server: {serverIp = '127.0.0.1', server main port = 8848}
2025-11-21T19:35:40.030+08:00  INFO 1504 --- [main] c.a.n.c.remote.client.grpc.GrpcClient    : grpc client connection server:127.0.0.1 ip,serverPort:9848,grpcTslConfig:{"sslProvider":"OPENSSL","enableTls":false,"mutualAuthEnable":false,"trustAll":false}
2025-11-21T19:35:40.157+08:00  INFO 1504 --- [main] com.alibaba.nacos.common.remote.client   : [871a6a44-672e-4054-b0d6-0030b91fe2c8] Success to connect to server [127.0.0.1:8848] on start up, connectionId = 1763724940035_127.0.0.1_60779
2025-11-21T19:35:40.157+08:00  INFO 1504 --- [main] com.alibaba.nacos.common.remote.client   : [871a6a44-672e-4054-b0d6-0030b91fe2c8] Register server push request handler:com.alibaba.nacos.common.remote.client.RpcClient$ConnectResetRequestHandler
2025-11-21T19:35:40.158+08:00  INFO 1504 --- [main] com.alibaba.nacos.common.remote.client   : [871a6a44-672e-4054-b0d6-0030b91fe2c8] Register server push request handler:com.alibaba.nacos.common.remote.client.RpcClient$$Lambda$480/0x00000199914591e8
2025-11-21T19:35:40.157+08:00  INFO 1504 --- [com.alibaba.nacos.client.remote.worker] com.alibaba.nacos.common.remote.client   : [871a6a44-672e-4054-b0d6-0030b91fe2c8] Notify connected event to listeners.
2025-11-21T19:35:40.158+08:00  INFO 1504 --- [com.alibaba.nacos.client.remote.worker] com.alibaba.nacos.client.naming          : Grpc connection connect
2025-11-21T19:35:40.159+08:00  INFO 1504 --- [main] com.alibaba.nacos.client.naming          : [REGISTER-SERVICE] public registering service blog-service with instance Instance{instanceId='null', ip='192.168.81.150', port=9090, weight=1.0, healthy=true, enabled=true, ephemeral=true, clusterName='DEFAULT', serviceName='null', metadata={IPv6=[2408:8459:660:aaf:c363:e9d7:6cc:6a0f], preserved.register.source=SPRING_CLOUD}}
2025-11-21T19:35:40.170+08:00  INFO 1504 --- [main] c.a.c.n.registry.NacosServiceRegistry    : nacos registry, DEFAULT_GROUP blog-service 192.168.81.150:9090 register finished
2025-11-21T19:35:40.300+08:00  INFO 1504 --- [main] com.bit.blog.BlogServiceApplication      : Started BlogServiceApplication in 5.454 seconds (process running for 5.874)
2025-11-21T19:35:40.303+08:00  INFO 1504 --- [main] c.a.nacos.client.config.impl.CacheData   : nacos.cache.data.init.snapshot = true 
2025-11-21T19:35:40.304+08:00  INFO 1504 --- [main] c.a.n.client.config.impl.ClientWorker    : [fixed-127.0.0.1_8848] [subscribe] blog-service+DEFAULT_GROUP
2025-11-21T19:35:40.308+08:00  INFO 1504 --- [main] c.a.nacos.client.config.impl.CacheData   : [fixed-127.0.0.1_8848] [add-listener] ok, tenant=, dataId=blog-service, group=DEFAULT_GROUP, cnt=1
2025-11-21T19:35:40.308+08:00  INFO 1504 --- [main] c.a.c.n.refresh.NacosContextRefresher    : [Nacos Config] Listening config: dataId=blog-service, group=DEFAULT_GROUP
2025-11-21T19:35:40.308+08:00  INFO 1504 --- [main] c.a.n.client.config.impl.ClientWorker    : [fixed-127.0.0.1_8848] [subscribe] blog-service.properties+DEFAULT_GROUP
2025-11-21T19:35:40.308+08:00  INFO 1504 --- [main] c.a.nacos.client.config.impl.CacheData   : [fixed-127.0.0.1_8848] [add-listener] ok, tenant=, dataId=blog-service.properties, group=DEFAULT_GROUP, cnt=1
2025-11-21T19:35:40.308+08:00  INFO 1504 --- [main] c.a.c.n.refresh.NacosContextRefresher    : [Nacos Config] Listening config: dataId=blog-service.properties, group=DEFAULT_GROUP
2025-11-21T19:40:20.507+08:00  WARN 1504 --- [Thread-1] c.a.n.common.http.HttpClientBeanHolder   : [HttpClientBeanHolder] Start destroying common HttpClient
2025-11-21T19:40:20.507+08:00  WARN 1504 --- [Thread-7] c.a.nacos.common.notify.NotifyCenter     : [NotifyCenter] Start destroying Publisher
2025-11-21T19:40:20.508+08:00  WARN 1504 --- [Thread-7] c.a.nacos.common.notify.NotifyCenter     : [NotifyCenter] Destruction of the end
2025-11-21T19:40:20.508+08:00  WARN 1504 --- [Thread-1] c.a.n.common.http.HttpClientBeanHolder   : [HttpClientBeanHolder] Destruction of the end
2025-11-21T19:40:20.538+08:00  INFO 1504 --- [SpringApplicationShutdownHook] c.a.c.n.registry.NacosServiceRegistry    : De-registering from Nacos Server now...
2025-11-21T19:40:20.538+08:00  INFO 1504 --- [SpringApplicationShutdownHook] com.alibaba.nacos.client.naming          : [DEREGISTER-SERVICE] public deregistering service blog-service with instance: Instance{instanceId='null', ip='192.168.81.150', port=9090, weight=1.0, healthy=true, enabled=true, ephemeral=true, clusterName='DEFAULT', serviceName='null', metadata={}}
2025-11-21T19:40:20.543+08:00  INFO 1504 --- [SpringApplicationShutdownHook] c.a.c.n.registry.NacosServiceRegistry    : De-registration finished.
2025-11-21T19:40:20.543+08:00  INFO 1504 --- [SpringApplicationShutdownHook] com.alibaba.nacos.client.naming          : com.alibaba.nacos.client.naming.cache.ServiceInfoHolder do shutdown begin
2025-11-21T19:40:20.543+08:00  INFO 1504 --- [SpringApplicationShutdownHook] com.alibaba.nacos.client.naming          : com.alibaba.nacos.client.naming.backups.FailoverReactor do shutdown begin
2025-11-21T19:40:20.543+08:00  INFO 1504 --- [SpringApplicationShutdownHook] com.alibaba.nacos.client.naming          : com.alibaba.nacos.client.naming.backups.FailoverReactor do shutdown stop
2025-11-21T19:40:20.543+08:00  INFO 1504 --- [SpringApplicationShutdownHook] com.alibaba.nacos.client.naming          : com.alibaba.nacos.client.naming.cache.ServiceInfoHolder do shutdown stop
2025-11-21T19:40:20.543+08:00  INFO 1504 --- [SpringApplicationShutdownHook] com.alibaba.nacos.client.naming          : com.alibaba.nacos.client.naming.remote.NamingClientProxyDelegate do shutdown begin
2025-11-21T19:40:20.544+08:00  INFO 1504 --- [SpringApplicationShutdownHook] com.alibaba.nacos.client.naming          : com.alibaba.nacos.client.naming.core.ServiceInfoUpdateService do shutdown begin
2025-11-21T19:40:20.544+08:00  INFO 1504 --- [SpringApplicationShutdownHook] com.alibaba.nacos.client.naming          : com.alibaba.nacos.client.naming.core.ServiceInfoUpdateService do shutdown stop
2025-11-21T19:40:20.544+08:00  INFO 1504 --- [SpringApplicationShutdownHook] com.alibaba.nacos.client.naming          : com.alibaba.nacos.client.naming.core.ServerListManager do shutdown begin
2025-11-21T19:40:20.544+08:00  WARN 1504 --- [SpringApplicationShutdownHook] com.alibaba.nacos.client.naming          : [NamingHttpClientManager] Start destroying NacosRestTemplate
2025-11-21T19:40:20.544+08:00  WARN 1504 --- [SpringApplicationShutdownHook] com.alibaba.nacos.client.naming          : [NamingHttpClientManager] Destruction of the end
2025-11-21T19:40:20.544+08:00  INFO 1504 --- [SpringApplicationShutdownHook] com.alibaba.nacos.client.naming          : com.alibaba.nacos.client.naming.core.ServerListManager do shutdown stop
2025-11-21T19:40:20.544+08:00  INFO 1504 --- [SpringApplicationShutdownHook] com.alibaba.nacos.client.naming          : com.alibaba.nacos.client.naming.remote.http.NamingHttpClientProxy do shutdown begin
2025-11-21T19:40:20.544+08:00  WARN 1504 --- [SpringApplicationShutdownHook] com.alibaba.nacos.client.naming          : [NamingHttpClientManager] Start destroying NacosRestTemplate
2025-11-21T19:40:20.544+08:00  WARN 1504 --- [SpringApplicationShutdownHook] com.alibaba.nacos.client.naming          : [NamingHttpClientManager] Destruction of the end
2025-11-21T19:40:20.544+08:00  INFO 1504 --- [SpringApplicationShutdownHook] com.alibaba.nacos.client.naming          : com.alibaba.nacos.client.naming.remote.http.NamingHttpClientProxy do shutdown stop
2025-11-21T19:40:20.544+08:00  INFO 1504 --- [SpringApplicationShutdownHook] com.alibaba.nacos.common.remote.client   : Shutdown rpc client, set status to shutdown
2025-11-21T19:40:20.544+08:00  INFO 1504 --- [SpringApplicationShutdownHook] com.alibaba.nacos.common.remote.client   : Shutdown client event executor java.util.concurrent.ScheduledThreadPoolExecutor@6ceabcde[Running, pool size = 2, active threads = 2, queued tasks = 0, completed tasks = 0]
2025-11-21T19:40:20.544+08:00  INFO 1504 --- [SpringApplicationShutdownHook] com.alibaba.nacos.common.remote.client   : Close current connection 1763724940035_127.0.0.1_60779
2025-11-21T19:40:20.547+08:00  INFO 1504 --- [SpringApplicationShutdownHook] c.a.n.c.remote.client.grpc.GrpcClient    : Shutdown grpc executor java.util.concurrent.ThreadPoolExecutor@41a008bc[Running, pool size = 3, active threads = 0, queued tasks = 0, completed tasks = 89]
2025-11-21T19:40:20.547+08:00  INFO 1504 --- [SpringApplicationShutdownHook] com.alibaba.nacos.client.naming          : Shutdown grpc redo service executor java.util.concurrent.ScheduledThreadPoolExecutor@431282ef[Running, pool size = 1, active threads = 0, queued tasks = 1, completed tasks = 93]
2025-11-21T19:40:20.547+08:00  INFO 1504 --- [SpringApplicationShutdownHook] c.a.n.c.a.r.identify.CredentialWatcher   : [null] CredentialWatcher is stopped
2025-11-21T19:40:20.547+08:00  INFO 1504 --- [SpringApplicationShutdownHook] c.a.n.c.a.r.identify.CredentialService   : [null] CredentialService is freed
2025-11-21T19:40:20.548+08:00  INFO 1504 --- [SpringApplicationShutdownHook] com.alibaba.nacos.client.naming          : com.alibaba.nacos.client.naming.remote.NamingClientProxyDelegate do shutdown stop
