2025-11-19T22:24:20.792+08:00  WARN 29224 --- [main] c.a.nacos.client.logging.NacosLogging    : Load Logback Configuration of Nacos fail, message: Could not initialize Logback Nacos logging from classpath:nacos-logback.xml
2025-11-19T22:24:20.807+08:00  INFO 29224 --- [main] c.a.n.c.c.impl.LocalConfigInfoProcessor  : LOCAL_SNAPSHOT_PATH:C:\Users\zxcvz\nacos\config
2025-11-19T22:24:20.812+08:00  INFO 29224 --- [main] com.alibaba.nacos.common.remote.client   : [RpcClientFactory] create a new rpc client of 1a4f19cc-4f3a-4ea0-84f6-62e923dad0ca_config-0
2025-11-19T22:24:20.829+08:00  INFO 29224 --- [main] com.alibaba.nacos.common.remote.client   : [1a4f19cc-4f3a-4ea0-84f6-62e923dad0ca_config-0] Register server push request handler:com.alibaba.nacos.client.config.impl.ClientWorker$ConfigRpcTransportClient$$Lambda$457/0x000002a2013181f8
2025-11-19T22:24:20.831+08:00  INFO 29224 --- [main] com.alibaba.nacos.common.remote.client   : [1a4f19cc-4f3a-4ea0-84f6-62e923dad0ca_config-0] Register server push request handler:com.alibaba.nacos.client.config.impl.ClientWorker$ConfigRpcTransportClient$$Lambda$458/0x000002a201318618
2025-11-19T22:24:20.832+08:00  INFO 29224 --- [main] com.alibaba.nacos.common.remote.client   : [1a4f19cc-4f3a-4ea0-84f6-62e923dad0ca_config-0] Registry connection listener to current client:com.alibaba.nacos.client.config.impl.ClientWorker$ConfigRpcTransportClient$1
2025-11-19T22:24:20.832+08:00  INFO 29224 --- [main] com.alibaba.nacos.common.remote.client   : [1a4f19cc-4f3a-4ea0-84f6-62e923dad0ca_config-0] RpcClient init, ServerListFactory = com.alibaba.nacos.client.config.impl.ClientWorker$ConfigRpcTransportClient$2
2025-11-19T22:24:20.840+08:00  INFO 29224 --- [main] com.alibaba.nacos.common.remote.client   : [1a4f19cc-4f3a-4ea0-84f6-62e923dad0ca_config-0] Try to connect to server on start up, server: {serverIp = '127.0.0.1', server main port = 8848}
2025-11-19T22:24:20.879+08:00  INFO 29224 --- [main] c.a.n.c.remote.client.grpc.GrpcClient    : grpc client connection server:127.0.0.1 ip,serverPort:9848,grpcTslConfig:{"sslProvider":"OPENSSL","enableTls":false,"mutualAuthEnable":false,"trustAll":false}
2025-11-19T22:24:21.558+08:00  INFO 29224 --- [main] com.alibaba.nacos.common.remote.client   : [1a4f19cc-4f3a-4ea0-84f6-62e923dad0ca_config-0] Success to connect to server [127.0.0.1:8848] on start up, connectionId = 1763562261376_127.0.0.1_59878
2025-11-19T22:24:21.559+08:00  INFO 29224 --- [com.alibaba.nacos.client.remote.worker] com.alibaba.nacos.common.remote.client   : [1a4f19cc-4f3a-4ea0-84f6-62e923dad0ca_config-0] Notify connected event to listeners.
2025-11-19T22:24:21.559+08:00  INFO 29224 --- [com.alibaba.nacos.client.remote.worker] c.a.n.client.config.impl.ClientWorker    : [1a4f19cc-4f3a-4ea0-84f6-62e923dad0ca_config-0] Connected,notify listen context...
2025-11-19T22:24:21.559+08:00  INFO 29224 --- [main] com.alibaba.nacos.common.remote.client   : [1a4f19cc-4f3a-4ea0-84f6-62e923dad0ca_config-0] Register server push request handler:com.alibaba.nacos.common.remote.client.RpcClient$ConnectResetRequestHandler
2025-11-19T22:24:21.559+08:00  INFO 29224 --- [main] com.alibaba.nacos.common.remote.client   : [1a4f19cc-4f3a-4ea0-84f6-62e923dad0ca_config-0] Register server push request handler:com.alibaba.nacos.common.remote.client.RpcClient$$Lambda$480/0x000002a20145f910
2025-11-19T22:24:21.582+08:00  INFO 29224 --- [main] c.a.nacos.client.config.impl.Limiter     : limitTime:5.0
2025-11-19T22:24:21.595+08:00  WARN 29224 --- [main] c.a.c.n.c.NacosPropertySourceBuilder     : Ignore the empty nacos configuration and get it based on dataId[user-service] & group[DEFAULT_GROUP]
2025-11-19T22:24:21.602+08:00  WARN 29224 --- [main] c.a.c.n.c.NacosPropertySourceBuilder     : Ignore the empty nacos configuration and get it based on dataId[user-service.properties] & group[DEFAULT_GROUP]
2025-11-19T22:24:21.603+08:00  INFO 29224 --- [main] b.c.PropertySourceBootstrapConfiguration : Located property source: [BootstrapPropertySource {name='bootstrapProperties-user-service.properties,DEFAULT_GROUP'}, BootstrapPropertySource {name='bootstrapProperties-user-service,DEFAULT_GROUP'}]
2025-11-19T22:24:21.613+08:00  WARN 29224 --- [main] c.a.nacos.client.logging.NacosLogging    : Load Logback Configuration of Nacos fail, message: Could not initialize Logback Nacos logging from classpath:nacos-logback.xml
2025-11-19T22:24:21.614+08:00  INFO 29224 --- [main] com.bit.user.UserServiceApplication      : No active profile set, falling back to 1 default profile: "default"
2025-11-19T22:24:22.161+08:00  INFO 29224 --- [main] o.s.cloud.context.scope.GenericScope     : BeanFactory id=d2c546f8-d311-3f62-a263-77016b2c7dc0
2025-11-19T22:24:22.518+08:00  INFO 29224 --- [main] o.s.b.w.embedded.tomcat.TomcatWebServer  : Tomcat initialized with port(s): 8080 (http)
2025-11-19T22:24:22.529+08:00  INFO 29224 --- [main] o.apache.catalina.core.StandardService   : Starting service [Tomcat]
2025-11-19T22:24:22.529+08:00  INFO 29224 --- [main] o.apache.catalina.core.StandardEngine    : Starting Servlet engine: [Apache Tomcat/10.1.16]
2025-11-19T22:24:22.622+08:00  INFO 29224 --- [main] o.a.c.c.C.[Tomcat].[localhost].[/]       : Initializing Spring embedded WebApplicationContext
2025-11-19T22:24:22.622+08:00  INFO 29224 --- [main] w.s.c.ServletWebServerApplicationContext : Root WebApplicationContext: initialization completed in 997 ms
2025-11-19T22:24:23.022+08:00  INFO 29224 --- [main] o.s.c.openfeign.FeignClientFactoryBean   : For 'blog-service' URL not provided. Will try picking an instance via load-balancing.
2025-11-19T22:24:23.691+08:00  WARN 29224 --- [main] iguration$LoadBalancerCaffeineWarnLogger : Spring Cloud LoadBalancer is currently working with the default cache. While this cache implementation is useful for development and tests, it's recommended to use Caffeine cache in production.You can switch to using Caffeine cache, by adding it and org.springframework.cache.caffeine.CaffeineCacheManager to the classpath.
2025-11-19T22:24:23.722+08:00  INFO 29224 --- [main] o.s.b.w.embedded.tomcat.TomcatWebServer  : Tomcat started on port(s): 8080 (http) with context path ''
2025-11-19T22:24:23.726+08:00  INFO 29224 --- [main] com.alibaba.nacos.client.naming          : initializer namespace from ans.namespace attribute : null
2025-11-19T22:24:23.727+08:00  INFO 29224 --- [main] com.alibaba.nacos.client.naming          : initializer namespace from ALIBABA_ALIWARE_NAMESPACE attribute :null
2025-11-19T22:24:23.727+08:00  INFO 29224 --- [main] com.alibaba.nacos.client.naming          : initializer namespace from namespace attribute :null
2025-11-19T22:24:23.736+08:00  INFO 29224 --- [main] c.a.n.p.a.s.c.ClientAuthPluginManager    : [ClientAuthPluginManager] Load ClientAuthService com.alibaba.nacos.client.auth.impl.NacosClientAuthServiceImpl success.
2025-11-19T22:24:23.736+08:00  INFO 29224 --- [main] c.a.n.p.a.s.c.ClientAuthPluginManager    : [ClientAuthPluginManager] Load ClientAuthService com.alibaba.nacos.client.auth.ram.RamClientAuthServiceImpl success.
2025-11-19T22:24:23.741+08:00  INFO 29224 --- [main] com.alibaba.nacos.common.remote.client   : [RpcClientFactory] create a new rpc client of 930b5cdf-99ae-4ccc-92f6-d99a4c2f5f67
2025-11-19T22:24:23.743+08:00  INFO 29224 --- [main] com.alibaba.nacos.common.remote.client   : [930b5cdf-99ae-4ccc-92f6-d99a4c2f5f67] RpcClient init, ServerListFactory = com.alibaba.nacos.client.naming.core.ServerListManager
2025-11-19T22:24:23.743+08:00  INFO 29224 --- [main] com.alibaba.nacos.common.remote.client   : [930b5cdf-99ae-4ccc-92f6-d99a4c2f5f67] Registry connection listener to current client:com.alibaba.nacos.client.naming.remote.gprc.redo.NamingGrpcRedoService
2025-11-19T22:24:23.743+08:00  INFO 29224 --- [main] com.alibaba.nacos.common.remote.client   : [930b5cdf-99ae-4ccc-92f6-d99a4c2f5f67] Register server push request handler:com.alibaba.nacos.client.naming.remote.gprc.NamingPushRequestHandler
2025-11-19T22:24:23.743+08:00  INFO 29224 --- [main] com.alibaba.nacos.common.remote.client   : [930b5cdf-99ae-4ccc-92f6-d99a4c2f5f67] Try to connect to server on start up, server: {serverIp = '127.0.0.1', server main port = 8848}
2025-11-19T22:24:23.745+08:00  INFO 29224 --- [main] c.a.n.c.remote.client.grpc.GrpcClient    : grpc client connection server:127.0.0.1 ip,serverPort:9848,grpcTslConfig:{"sslProvider":"OPENSSL","enableTls":false,"mutualAuthEnable":false,"trustAll":false}
2025-11-19T22:24:23.855+08:00  INFO 29224 --- [main] com.alibaba.nacos.common.remote.client   : [930b5cdf-99ae-4ccc-92f6-d99a4c2f5f67] Success to connect to server [127.0.0.1:8848] on start up, connectionId = 1763562263749_127.0.0.1_59879
2025-11-19T22:24:23.855+08:00  INFO 29224 --- [main] com.alibaba.nacos.common.remote.client   : [930b5cdf-99ae-4ccc-92f6-d99a4c2f5f67] Register server push request handler:com.alibaba.nacos.common.remote.client.RpcClient$ConnectResetRequestHandler
2025-11-19T22:24:23.855+08:00  INFO 29224 --- [main] com.alibaba.nacos.common.remote.client   : [930b5cdf-99ae-4ccc-92f6-d99a4c2f5f67] Register server push request handler:com.alibaba.nacos.common.remote.client.RpcClient$$Lambda$480/0x000002a20145f910
2025-11-19T22:24:23.855+08:00  INFO 29224 --- [com.alibaba.nacos.client.remote.worker] com.alibaba.nacos.common.remote.client   : [930b5cdf-99ae-4ccc-92f6-d99a4c2f5f67] Notify connected event to listeners.
2025-11-19T22:24:23.855+08:00  INFO 29224 --- [com.alibaba.nacos.client.remote.worker] com.alibaba.nacos.client.naming          : Grpc connection connect
2025-11-19T22:24:23.857+08:00  INFO 29224 --- [main] com.alibaba.nacos.client.naming          : [REGISTER-SERVICE] public registering service user-service with instance Instance{instanceId='null', ip='192.168.81.150', port=8080, weight=1.0, healthy=true, enabled=true, ephemeral=true, clusterName='DEFAULT', serviceName='null', metadata={IPv6=[2408:8459:660:aaf:c363:e9d7:6cc:6a0f], preserved.register.source=SPRING_CLOUD}}
2025-11-19T22:24:23.868+08:00  INFO 29224 --- [main] c.a.c.n.registry.NacosServiceRegistry    : nacos registry, DEFAULT_GROUP user-service 192.168.81.150:8080 register finished
2025-11-19T22:24:23.994+08:00  INFO 29224 --- [main] com.bit.user.UserServiceApplication      : Started UserServiceApplication in 4.241 seconds (process running for 4.678)
2025-11-19T22:24:23.998+08:00  INFO 29224 --- [main] c.a.nacos.client.config.impl.CacheData   : nacos.cache.data.init.snapshot = true 
2025-11-19T22:24:23.998+08:00  INFO 29224 --- [main] c.a.n.client.config.impl.ClientWorker    : [fixed-127.0.0.1_8848] [subscribe] user-service.properties+DEFAULT_GROUP
2025-11-19T22:24:24.004+08:00  INFO 29224 --- [main] c.a.nacos.client.config.impl.CacheData   : [fixed-127.0.0.1_8848] [add-listener] ok, tenant=, dataId=user-service.properties, group=DEFAULT_GROUP, cnt=1
2025-11-19T22:24:24.004+08:00  INFO 29224 --- [main] c.a.c.n.refresh.NacosContextRefresher    : [Nacos Config] Listening config: dataId=user-service.properties, group=DEFAULT_GROUP
2025-11-19T22:24:24.004+08:00  INFO 29224 --- [main] c.a.n.client.config.impl.ClientWorker    : [fixed-127.0.0.1_8848] [subscribe] user-service+DEFAULT_GROUP
2025-11-19T22:24:24.004+08:00  INFO 29224 --- [main] c.a.nacos.client.config.impl.CacheData   : [fixed-127.0.0.1_8848] [add-listener] ok, tenant=, dataId=user-service, group=DEFAULT_GROUP, cnt=1
2025-11-19T22:24:24.004+08:00  INFO 29224 --- [main] c.a.c.n.refresh.NacosContextRefresher    : [Nacos Config] Listening config: dataId=user-service, group=DEFAULT_GROUP
2025-11-19T22:24:37.575+08:00  WARN 29224 --- [Thread-7] c.a.nacos.common.notify.NotifyCenter     : [NotifyCenter] Start destroying Publisher
2025-11-19T22:24:37.575+08:00  WARN 29224 --- [Thread-1] c.a.n.common.http.HttpClientBeanHolder   : [HttpClientBeanHolder] Start destroying common HttpClient
2025-11-19T22:24:37.576+08:00  WARN 29224 --- [Thread-7] c.a.nacos.common.notify.NotifyCenter     : [NotifyCenter] Destruction of the end
2025-11-19T22:24:37.576+08:00  WARN 29224 --- [Thread-1] c.a.n.common.http.HttpClientBeanHolder   : [HttpClientBeanHolder] Destruction of the end
2025-11-19T22:24:37.598+08:00  INFO 29224 --- [SpringApplicationShutdownHook] c.a.c.n.registry.NacosServiceRegistry    : De-registering from Nacos Server now...
2025-11-19T22:24:37.598+08:00  INFO 29224 --- [SpringApplicationShutdownHook] com.alibaba.nacos.client.naming          : [DEREGISTER-SERVICE] public deregistering service user-service with instance: Instance{instanceId='null', ip='192.168.81.150', port=8080, weight=1.0, healthy=true, enabled=true, ephemeral=true, clusterName='DEFAULT', serviceName='null', metadata={}}
2025-11-19T22:24:37.605+08:00  INFO 29224 --- [SpringApplicationShutdownHook] c.a.c.n.registry.NacosServiceRegistry    : De-registration finished.
2025-11-19T22:24:37.606+08:00  INFO 29224 --- [SpringApplicationShutdownHook] com.alibaba.nacos.client.naming          : com.alibaba.nacos.client.naming.cache.ServiceInfoHolder do shutdown begin
2025-11-19T22:24:37.606+08:00  INFO 29224 --- [SpringApplicationShutdownHook] com.alibaba.nacos.client.naming          : com.alibaba.nacos.client.naming.backups.FailoverReactor do shutdown begin
2025-11-19T22:24:37.606+08:00  INFO 29224 --- [SpringApplicationShutdownHook] com.alibaba.nacos.client.naming          : com.alibaba.nacos.client.naming.backups.FailoverReactor do shutdown stop
2025-11-19T22:24:37.606+08:00  INFO 29224 --- [SpringApplicationShutdownHook] com.alibaba.nacos.client.naming          : com.alibaba.nacos.client.naming.cache.ServiceInfoHolder do shutdown stop
2025-11-19T22:24:37.606+08:00  INFO 29224 --- [SpringApplicationShutdownHook] com.alibaba.nacos.client.naming          : com.alibaba.nacos.client.naming.remote.NamingClientProxyDelegate do shutdown begin
2025-11-19T22:24:37.606+08:00  INFO 29224 --- [SpringApplicationShutdownHook] com.alibaba.nacos.client.naming          : com.alibaba.nacos.client.naming.core.ServiceInfoUpdateService do shutdown begin
2025-11-19T22:24:37.606+08:00  INFO 29224 --- [SpringApplicationShutdownHook] com.alibaba.nacos.client.naming          : com.alibaba.nacos.client.naming.core.ServiceInfoUpdateService do shutdown stop
2025-11-19T22:24:37.606+08:00  INFO 29224 --- [SpringApplicationShutdownHook] com.alibaba.nacos.client.naming          : com.alibaba.nacos.client.naming.core.ServerListManager do shutdown begin
2025-11-19T22:24:37.606+08:00  WARN 29224 --- [SpringApplicationShutdownHook] com.alibaba.nacos.client.naming          : [NamingHttpClientManager] Start destroying NacosRestTemplate
2025-11-19T22:24:37.606+08:00  WARN 29224 --- [SpringApplicationShutdownHook] com.alibaba.nacos.client.naming          : [NamingHttpClientManager] Destruction of the end
2025-11-19T22:24:37.606+08:00  INFO 29224 --- [SpringApplicationShutdownHook] com.alibaba.nacos.client.naming          : com.alibaba.nacos.client.naming.core.ServerListManager do shutdown stop
2025-11-19T22:24:37.606+08:00  INFO 29224 --- [SpringApplicationShutdownHook] com.alibaba.nacos.client.naming          : com.alibaba.nacos.client.naming.remote.http.NamingHttpClientProxy do shutdown begin
2025-11-19T22:24:37.606+08:00  WARN 29224 --- [SpringApplicationShutdownHook] com.alibaba.nacos.client.naming          : [NamingHttpClientManager] Start destroying NacosRestTemplate
2025-11-19T22:24:37.606+08:00  WARN 29224 --- [SpringApplicationShutdownHook] com.alibaba.nacos.client.naming          : [NamingHttpClientManager] Destruction of the end
2025-11-19T22:24:37.606+08:00  INFO 29224 --- [SpringApplicationShutdownHook] com.alibaba.nacos.client.naming          : com.alibaba.nacos.client.naming.remote.http.NamingHttpClientProxy do shutdown stop
2025-11-19T22:24:37.606+08:00  INFO 29224 --- [SpringApplicationShutdownHook] com.alibaba.nacos.common.remote.client   : Shutdown rpc client, set status to shutdown
2025-11-19T22:24:37.606+08:00  INFO 29224 --- [SpringApplicationShutdownHook] com.alibaba.nacos.common.remote.client   : Shutdown client event executor java.util.concurrent.ScheduledThreadPoolExecutor@15e8c72c[Running, pool size = 2, active threads = 2, queued tasks = 0, completed tasks = 0]
2025-11-19T22:24:37.606+08:00  INFO 29224 --- [SpringApplicationShutdownHook] com.alibaba.nacos.common.remote.client   : Close current connection 1763562263749_127.0.0.1_59879
2025-11-19T22:24:37.609+08:00  WARN 29224 --- [nacos-grpc-client-executor-127.0.0.1-11] c.a.n.c.remote.client.grpc.GrpcClient    : [1763562263749_127.0.0.1_59879]Ignore error event,isRunning:false,isAbandon=false
2025-11-19T22:24:37.610+08:00  INFO 29224 --- [SpringApplicationShutdownHook] c.a.n.c.remote.client.grpc.GrpcClient    : Shutdown grpc executor java.util.concurrent.ThreadPoolExecutor@4fa7a52c[Running, pool size = 5, active threads = 0, queued tasks = 0, completed tasks = 12]
2025-11-19T22:24:37.610+08:00  INFO 29224 --- [SpringApplicationShutdownHook] com.alibaba.nacos.client.naming          : Shutdown grpc redo service executor java.util.concurrent.ScheduledThreadPoolExecutor@744be722[Running, pool size = 1, active threads = 0, queued tasks = 1, completed tasks = 4]
2025-11-19T22:24:37.610+08:00  INFO 29224 --- [SpringApplicationShutdownHook] c.a.n.c.a.r.identify.CredentialWatcher   : [null] CredentialWatcher is stopped
2025-11-19T22:24:37.610+08:00  INFO 29224 --- [SpringApplicationShutdownHook] c.a.n.c.a.r.identify.CredentialService   : [null] CredentialService is freed
2025-11-19T22:24:37.610+08:00  INFO 29224 --- [SpringApplicationShutdownHook] com.alibaba.nacos.client.naming          : com.alibaba.nacos.client.naming.remote.NamingClientProxyDelegate do shutdown stop
2025-11-19T22:24:41.032+08:00  WARN 22936 --- [main] c.a.nacos.client.logging.NacosLogging    : Load Logback Configuration of Nacos fail, message: Could not initialize Logback Nacos logging from classpath:nacos-logback.xml
2025-11-19T22:24:41.046+08:00  INFO 22936 --- [main] c.a.n.c.c.impl.LocalConfigInfoProcessor  : LOCAL_SNAPSHOT_PATH:C:\Users\zxcvz\nacos\config
2025-11-19T22:24:41.049+08:00  INFO 22936 --- [main] com.alibaba.nacos.common.remote.client   : [RpcClientFactory] create a new rpc client of 8b0483a5-76bf-4658-b024-fd197ede5300_config-0
2025-11-19T22:24:41.065+08:00  INFO 22936 --- [main] com.alibaba.nacos.common.remote.client   : [8b0483a5-76bf-4658-b024-fd197ede5300_config-0] Register server push request handler:com.alibaba.nacos.client.config.impl.ClientWorker$ConfigRpcTransportClient$$Lambda$457/0x000002700c2dfca8
2025-11-19T22:24:41.065+08:00  INFO 22936 --- [main] com.alibaba.nacos.common.remote.client   : [8b0483a5-76bf-4658-b024-fd197ede5300_config-0] Register server push request handler:com.alibaba.nacos.client.config.impl.ClientWorker$ConfigRpcTransportClient$$Lambda$458/0x000002700c2e0200
2025-11-19T22:24:41.065+08:00  INFO 22936 --- [main] com.alibaba.nacos.common.remote.client   : [8b0483a5-76bf-4658-b024-fd197ede5300_config-0] Registry connection listener to current client:com.alibaba.nacos.client.config.impl.ClientWorker$ConfigRpcTransportClient$1
2025-11-19T22:24:41.066+08:00  INFO 22936 --- [main] com.alibaba.nacos.common.remote.client   : [8b0483a5-76bf-4658-b024-fd197ede5300_config-0] RpcClient init, ServerListFactory = com.alibaba.nacos.client.config.impl.ClientWorker$ConfigRpcTransportClient$2
2025-11-19T22:24:41.072+08:00  INFO 22936 --- [main] com.alibaba.nacos.common.remote.client   : [8b0483a5-76bf-4658-b024-fd197ede5300_config-0] Try to connect to server on start up, server: {serverIp = '127.0.0.1', server main port = 8848}
2025-11-19T22:24:41.106+08:00  INFO 22936 --- [main] c.a.n.c.remote.client.grpc.GrpcClient    : grpc client connection server:127.0.0.1 ip,serverPort:9848,grpcTslConfig:{"sslProvider":"OPENSSL","enableTls":false,"mutualAuthEnable":false,"trustAll":false}
2025-11-19T22:24:41.807+08:00  INFO 22936 --- [main] com.alibaba.nacos.common.remote.client   : [8b0483a5-76bf-4658-b024-fd197ede5300_config-0] Success to connect to server [127.0.0.1:8848] on start up, connectionId = 1763562281626_127.0.0.1_63820
2025-11-19T22:24:41.808+08:00  INFO 22936 --- [com.alibaba.nacos.client.remote.worker] com.alibaba.nacos.common.remote.client   : [8b0483a5-76bf-4658-b024-fd197ede5300_config-0] Notify connected event to listeners.
2025-11-19T22:24:41.808+08:00  INFO 22936 --- [com.alibaba.nacos.client.remote.worker] c.a.n.client.config.impl.ClientWorker    : [8b0483a5-76bf-4658-b024-fd197ede5300_config-0] Connected,notify listen context...
2025-11-19T22:24:41.808+08:00  INFO 22936 --- [main] com.alibaba.nacos.common.remote.client   : [8b0483a5-76bf-4658-b024-fd197ede5300_config-0] Register server push request handler:com.alibaba.nacos.common.remote.client.RpcClient$ConnectResetRequestHandler
2025-11-19T22:24:41.809+08:00  INFO 22936 --- [main] com.alibaba.nacos.common.remote.client   : [8b0483a5-76bf-4658-b024-fd197ede5300_config-0] Register server push request handler:com.alibaba.nacos.common.remote.client.RpcClient$$Lambda$480/0x000002700c469940
2025-11-19T22:24:41.832+08:00  INFO 22936 --- [main] c.a.nacos.client.config.impl.Limiter     : limitTime:5.0
2025-11-19T22:24:41.846+08:00  WARN 22936 --- [main] c.a.c.n.c.NacosPropertySourceBuilder     : Ignore the empty nacos configuration and get it based on dataId[user-service] & group[DEFAULT_GROUP]
2025-11-19T22:24:41.853+08:00  WARN 22936 --- [main] c.a.c.n.c.NacosPropertySourceBuilder     : Ignore the empty nacos configuration and get it based on dataId[user-service.properties] & group[DEFAULT_GROUP]
2025-11-19T22:24:41.854+08:00  INFO 22936 --- [main] b.c.PropertySourceBootstrapConfiguration : Located property source: [BootstrapPropertySource {name='bootstrapProperties-user-service.properties,DEFAULT_GROUP'}, BootstrapPropertySource {name='bootstrapProperties-user-service,DEFAULT_GROUP'}]
2025-11-19T22:24:41.863+08:00  WARN 22936 --- [main] c.a.nacos.client.logging.NacosLogging    : Load Logback Configuration of Nacos fail, message: Could not initialize Logback Nacos logging from classpath:nacos-logback.xml
2025-11-19T22:24:41.863+08:00  INFO 22936 --- [main] com.bit.user.UserServiceApplication      : No active profile set, falling back to 1 default profile: "default"
2025-11-19T22:24:42.359+08:00  INFO 22936 --- [main] o.s.cloud.context.scope.GenericScope     : BeanFactory id=d2c546f8-d311-3f62-a263-77016b2c7dc0
2025-11-19T22:24:42.686+08:00  INFO 22936 --- [main] o.s.b.w.embedded.tomcat.TomcatWebServer  : Tomcat initialized with port(s): 8080 (http)
2025-11-19T22:24:42.696+08:00  INFO 22936 --- [main] o.apache.catalina.core.StandardService   : Starting service [Tomcat]
2025-11-19T22:24:42.696+08:00  INFO 22936 --- [main] o.apache.catalina.core.StandardEngine    : Starting Servlet engine: [Apache Tomcat/10.1.16]
2025-11-19T22:24:42.782+08:00  INFO 22936 --- [main] o.a.c.c.C.[Tomcat].[localhost].[/]       : Initializing Spring embedded WebApplicationContext
2025-11-19T22:24:42.783+08:00  INFO 22936 --- [main] w.s.c.ServletWebServerApplicationContext : Root WebApplicationContext: initialization completed in 907 ms
2025-11-19T22:24:43.163+08:00  INFO 22936 --- [main] o.s.c.openfeign.FeignClientFactoryBean   : For 'blog-service' URL not provided. Will try picking an instance via load-balancing.
2025-11-19T22:24:43.804+08:00  WARN 22936 --- [main] iguration$LoadBalancerCaffeineWarnLogger : Spring Cloud LoadBalancer is currently working with the default cache. While this cache implementation is useful for development and tests, it's recommended to use Caffeine cache in production.You can switch to using Caffeine cache, by adding it and org.springframework.cache.caffeine.CaffeineCacheManager to the classpath.
2025-11-19T22:24:43.836+08:00  INFO 22936 --- [main] o.s.b.w.embedded.tomcat.TomcatWebServer  : Tomcat started on port(s): 8080 (http) with context path ''
2025-11-19T22:24:43.840+08:00  INFO 22936 --- [main] com.alibaba.nacos.client.naming          : initializer namespace from ans.namespace attribute : null
2025-11-19T22:24:43.841+08:00  INFO 22936 --- [main] com.alibaba.nacos.client.naming          : initializer namespace from ALIBABA_ALIWARE_NAMESPACE attribute :null
2025-11-19T22:24:43.841+08:00  INFO 22936 --- [main] com.alibaba.nacos.client.naming          : initializer namespace from namespace attribute :null
2025-11-19T22:24:43.849+08:00  INFO 22936 --- [main] c.a.n.p.a.s.c.ClientAuthPluginManager    : [ClientAuthPluginManager] Load ClientAuthService com.alibaba.nacos.client.auth.impl.NacosClientAuthServiceImpl success.
2025-11-19T22:24:43.849+08:00  INFO 22936 --- [main] c.a.n.p.a.s.c.ClientAuthPluginManager    : [ClientAuthPluginManager] Load ClientAuthService com.alibaba.nacos.client.auth.ram.RamClientAuthServiceImpl success.
2025-11-19T22:24:43.852+08:00  INFO 22936 --- [main] com.alibaba.nacos.common.remote.client   : [RpcClientFactory] create a new rpc client of 82cd1383-58cf-4f96-a2a0-1be2879d1603
2025-11-19T22:24:43.854+08:00  INFO 22936 --- [main] com.alibaba.nacos.common.remote.client   : [82cd1383-58cf-4f96-a2a0-1be2879d1603] RpcClient init, ServerListFactory = com.alibaba.nacos.client.naming.core.ServerListManager
2025-11-19T22:24:43.855+08:00  INFO 22936 --- [main] com.alibaba.nacos.common.remote.client   : [82cd1383-58cf-4f96-a2a0-1be2879d1603] Registry connection listener to current client:com.alibaba.nacos.client.naming.remote.gprc.redo.NamingGrpcRedoService
2025-11-19T22:24:43.855+08:00  INFO 22936 --- [main] com.alibaba.nacos.common.remote.client   : [82cd1383-58cf-4f96-a2a0-1be2879d1603] Register server push request handler:com.alibaba.nacos.client.naming.remote.gprc.NamingPushRequestHandler
2025-11-19T22:24:43.855+08:00  INFO 22936 --- [main] com.alibaba.nacos.common.remote.client   : [82cd1383-58cf-4f96-a2a0-1be2879d1603] Try to connect to server on start up, server: {serverIp = '127.0.0.1', server main port = 8848}
2025-11-19T22:24:43.855+08:00  INFO 22936 --- [main] c.a.n.c.remote.client.grpc.GrpcClient    : grpc client connection server:127.0.0.1 ip,serverPort:9848,grpcTslConfig:{"sslProvider":"OPENSSL","enableTls":false,"mutualAuthEnable":false,"trustAll":false}
2025-11-19T22:24:43.981+08:00  INFO 22936 --- [main] com.alibaba.nacos.common.remote.client   : [82cd1383-58cf-4f96-a2a0-1be2879d1603] Success to connect to server [127.0.0.1:8848] on start up, connectionId = 1763562283860_127.0.0.1_63821
2025-11-19T22:24:43.981+08:00  INFO 22936 --- [main] com.alibaba.nacos.common.remote.client   : [82cd1383-58cf-4f96-a2a0-1be2879d1603] Register server push request handler:com.alibaba.nacos.common.remote.client.RpcClient$ConnectResetRequestHandler
2025-11-19T22:24:43.981+08:00  INFO 22936 --- [main] com.alibaba.nacos.common.remote.client   : [82cd1383-58cf-4f96-a2a0-1be2879d1603] Register server push request handler:com.alibaba.nacos.common.remote.client.RpcClient$$Lambda$480/0x000002700c469940
2025-11-19T22:24:43.981+08:00  INFO 22936 --- [com.alibaba.nacos.client.remote.worker] com.alibaba.nacos.common.remote.client   : [82cd1383-58cf-4f96-a2a0-1be2879d1603] Notify connected event to listeners.
2025-11-19T22:24:43.981+08:00  INFO 22936 --- [com.alibaba.nacos.client.remote.worker] com.alibaba.nacos.client.naming          : Grpc connection connect
2025-11-19T22:24:43.982+08:00  INFO 22936 --- [main] com.alibaba.nacos.client.naming          : [REGISTER-SERVICE] public registering service user-service with instance Instance{instanceId='null', ip='192.168.81.150', port=8080, weight=1.0, healthy=true, enabled=true, ephemeral=true, clusterName='DEFAULT', serviceName='null', metadata={IPv6=[2408:8459:660:aaf:c363:e9d7:6cc:6a0f], preserved.register.source=SPRING_CLOUD}}
2025-11-19T22:24:43.992+08:00  INFO 22936 --- [main] c.a.c.n.registry.NacosServiceRegistry    : nacos registry, DEFAULT_GROUP user-service 192.168.81.150:8080 register finished
2025-11-19T22:24:44.136+08:00  INFO 22936 --- [main] com.bit.user.UserServiceApplication      : Started UserServiceApplication in 4.146 seconds (process running for 4.517)
2025-11-19T22:24:44.139+08:00  INFO 22936 --- [main] c.a.nacos.client.config.impl.CacheData   : nacos.cache.data.init.snapshot = true 
2025-11-19T22:24:44.140+08:00  INFO 22936 --- [main] c.a.n.client.config.impl.ClientWorker    : [fixed-127.0.0.1_8848] [subscribe] user-service.properties+DEFAULT_GROUP
2025-11-19T22:24:44.146+08:00  INFO 22936 --- [main] c.a.nacos.client.config.impl.CacheData   : [fixed-127.0.0.1_8848] [add-listener] ok, tenant=, dataId=user-service.properties, group=DEFAULT_GROUP, cnt=1
2025-11-19T22:24:44.146+08:00  INFO 22936 --- [main] c.a.c.n.refresh.NacosContextRefresher    : [Nacos Config] Listening config: dataId=user-service.properties, group=DEFAULT_GROUP
2025-11-19T22:24:44.146+08:00  INFO 22936 --- [main] c.a.n.client.config.impl.ClientWorker    : [fixed-127.0.0.1_8848] [subscribe] user-service+DEFAULT_GROUP
2025-11-19T22:24:44.146+08:00  INFO 22936 --- [main] c.a.nacos.client.config.impl.CacheData   : [fixed-127.0.0.1_8848] [add-listener] ok, tenant=, dataId=user-service, group=DEFAULT_GROUP, cnt=1
2025-11-19T22:24:44.146+08:00  INFO 22936 --- [main] c.a.c.n.refresh.NacosContextRefresher    : [Nacos Config] Listening config: dataId=user-service, group=DEFAULT_GROUP
2025-11-19T22:25:25.389+08:00  INFO 22936 --- [http-nio-8080-exec-1] o.a.c.c.C.[Tomcat].[localhost].[/]       : Initializing Spring DispatcherServlet 'dispatcherServlet'
2025-11-19T22:25:25.390+08:00  INFO 22936 --- [http-nio-8080-exec-1] o.s.web.servlet.DispatcherServlet        : Initializing Servlet 'dispatcherServlet'
2025-11-19T22:25:25.391+08:00  INFO 22936 --- [http-nio-8080-exec-1] o.s.web.servlet.DispatcherServlet        : Completed initialization in 1 ms
2025-11-19T22:27:55.019+08:00 ERROR 22936 --- [http-nio-8080-exec-6] c.b.user.common.advice.ExceptionAdvice   : 发生异常, e: {}

org.springframework.http.converter.HttpMessageNotReadableException: Required request body is missing: public com.bit.common.pojo.Result<com.bit.user.api.pojo.UserLoginResponse> com.bit.user.controller.UserController.login(com.bit.user.api.pojo.UserInfoRequest)
	at org.springframework.web.servlet.mvc.method.annotation.RequestResponseBodyMethodProcessor.readWithMessageConverters(RequestResponseBodyMethodProcessor.java:166) ~[spring-webmvc-6.0.14.jar:6.0.14]
	at org.springframework.web.servlet.mvc.method.annotation.RequestResponseBodyMethodProcessor.resolveArgument(RequestResponseBodyMethodProcessor.java:136) ~[spring-webmvc-6.0.14.jar:6.0.14]
	at org.springframework.web.method.support.HandlerMethodArgumentResolverComposite.resolveArgument(HandlerMethodArgumentResolverComposite.java:122) ~[spring-web-6.0.14.jar:6.0.14]
	at org.springframework.web.method.support.InvocableHandlerMethod.getMethodArgumentValues(InvocableHandlerMethod.java:179) ~[spring-web-6.0.14.jar:6.0.14]
	at org.springframework.web.method.support.InvocableHandlerMethod.invokeForRequest(InvocableHandlerMethod.java:146) ~[spring-web-6.0.14.jar:6.0.14]
	at org.springframework.web.servlet.mvc.method.annotation.ServletInvocableHandlerMethod.invokeAndHandle(ServletInvocableHandlerMethod.java:118) ~[spring-webmvc-6.0.14.jar:6.0.14]
	at org.springframework.web.servlet.mvc.method.annotation.RequestMappingHandlerAdapter.invokeHandlerMethod(RequestMappingHandlerAdapter.java:884) ~[spring-webmvc-6.0.14.jar:6.0.14]
	at org.springframework.web.servlet.mvc.method.annotation.RequestMappingHandlerAdapter.handleInternal(RequestMappingHandlerAdapter.java:797) ~[spring-webmvc-6.0.14.jar:6.0.14]
	at org.springframework.web.servlet.mvc.method.AbstractHandlerMethodAdapter.handle(AbstractHandlerMethodAdapter.java:87) ~[spring-webmvc-6.0.14.jar:6.0.14]
	at org.springframework.web.servlet.DispatcherServlet.doDispatch(DispatcherServlet.java:1081) ~[spring-webmvc-6.0.14.jar:6.0.14]
	at org.springframework.web.servlet.DispatcherServlet.doService(DispatcherServlet.java:974) ~[spring-webmvc-6.0.14.jar:6.0.14]
	at org.springframework.web.servlet.FrameworkServlet.processRequest(FrameworkServlet.java:1014) ~[spring-webmvc-6.0.14.jar:6.0.14]
	at org.springframework.web.servlet.FrameworkServlet.doGet(FrameworkServlet.java:903) ~[spring-webmvc-6.0.14.jar:6.0.14]
	at jakarta.servlet.http.HttpServlet.service(HttpServlet.java:564) ~[tomcat-embed-core-10.1.16.jar:6.0]
	at org.springframework.web.servlet.FrameworkServlet.service(FrameworkServlet.java:885) ~[spring-webmvc-6.0.14.jar:6.0.14]
	at jakarta.servlet.http.HttpServlet.service(HttpServlet.java:658) ~[tomcat-embed-core-10.1.16.jar:6.0]
	at org.apache.catalina.core.ApplicationFilterChain.internalDoFilter(ApplicationFilterChain.java:205) ~[tomcat-embed-core-10.1.16.jar:10.1.16]
	at org.apache.catalina.core.ApplicationFilterChain.doFilter(ApplicationFilterChain.java:149) ~[tomcat-embed-core-10.1.16.jar:10.1.16]
	at org.apache.tomcat.websocket.server.WsFilter.doFilter(WsFilter.java:51) ~[tomcat-embed-websocket-10.1.16.jar:10.1.16]
	at org.apache.catalina.core.ApplicationFilterChain.internalDoFilter(ApplicationFilterChain.java:174) ~[tomcat-embed-core-10.1.16.jar:10.1.16]
	at org.apache.catalina.core.ApplicationFilterChain.doFilter(ApplicationFilterChain.java:149) ~[tomcat-embed-core-10.1.16.jar:10.1.16]
	at org.springframework.web.filter.RequestContextFilter.doFilterInternal(RequestContextFilter.java:100) ~[spring-web-6.0.14.jar:6.0.14]
	at org.springframework.web.filter.OncePerRequestFilter.doFilter(OncePerRequestFilter.java:116) ~[spring-web-6.0.14.jar:6.0.14]
	at org.apache.catalina.core.ApplicationFilterChain.internalDoFilter(ApplicationFilterChain.java:174) ~[tomcat-embed-core-10.1.16.jar:10.1.16]
	at org.apache.catalina.core.ApplicationFilterChain.doFilter(ApplicationFilterChain.java:149) ~[tomcat-embed-core-10.1.16.jar:10.1.16]
	at org.springframework.web.filter.FormContentFilter.doFilterInternal(FormContentFilter.java:93) ~[spring-web-6.0.14.jar:6.0.14]
	at org.springframework.web.filter.OncePerRequestFilter.doFilter(OncePerRequestFilter.java:116) ~[spring-web-6.0.14.jar:6.0.14]
	at org.apache.catalina.core.ApplicationFilterChain.internalDoFilter(ApplicationFilterChain.java:174) ~[tomcat-embed-core-10.1.16.jar:10.1.16]
	at org.apache.catalina.core.ApplicationFilterChain.doFilter(ApplicationFilterChain.java:149) ~[tomcat-embed-core-10.1.16.jar:10.1.16]
	at org.springframework.web.filter.CharacterEncodingFilter.doFilterInternal(CharacterEncodingFilter.java:201) ~[spring-web-6.0.14.jar:6.0.14]
	at org.springframework.web.filter.OncePerRequestFilter.doFilter(OncePerRequestFilter.java:116) ~[spring-web-6.0.14.jar:6.0.14]
	at org.apache.catalina.core.ApplicationFilterChain.internalDoFilter(ApplicationFilterChain.java:174) ~[tomcat-embed-core-10.1.16.jar:10.1.16]
	at org.apache.catalina.core.ApplicationFilterChain.doFilter(ApplicationFilterChain.java:149) ~[tomcat-embed-core-10.1.16.jar:10.1.16]
	at org.apache.catalina.core.StandardWrapperValve.invoke(StandardWrapperValve.java:167) ~[tomcat-embed-core-10.1.16.jar:10.1.16]
	at org.apache.catalina.core.StandardContextValve.invoke(StandardContextValve.java:90) ~[tomcat-embed-core-10.1.16.jar:10.1.16]
	at org.apache.catalina.authenticator.AuthenticatorBase.invoke(AuthenticatorBase.java:482) ~[tomcat-embed-core-10.1.16.jar:10.1.16]
	at org.apache.catalina.core.StandardHostValve.invoke(StandardHostValve.java:115) ~[tomcat-embed-core-10.1.16.jar:10.1.16]
	at org.apache.catalina.valves.ErrorReportValve.invoke(ErrorReportValve.java:93) ~[tomcat-embed-core-10.1.16.jar:10.1.16]
	at org.apache.catalina.core.StandardEngineValve.invoke(StandardEngineValve.java:74) ~[tomcat-embed-core-10.1.16.jar:10.1.16]
	at org.apache.catalina.connector.CoyoteAdapter.service(CoyoteAdapter.java:340) ~[tomcat-embed-core-10.1.16.jar:10.1.16]
	at org.apache.coyote.http11.Http11Processor.service(Http11Processor.java:391) ~[tomcat-embed-core-10.1.16.jar:10.1.16]
	at org.apache.coyote.AbstractProcessorLight.process(AbstractProcessorLight.java:63) ~[tomcat-embed-core-10.1.16.jar:10.1.16]
	at org.apache.coyote.AbstractProtocol$ConnectionHandler.process(AbstractProtocol.java:896) ~[tomcat-embed-core-10.1.16.jar:10.1.16]
	at org.apache.tomcat.util.net.NioEndpoint$SocketProcessor.doRun(NioEndpoint.java:1744) ~[tomcat-embed-core-10.1.16.jar:10.1.16]
	at org.apache.tomcat.util.net.SocketProcessorBase.run(SocketProcessorBase.java:52) ~[tomcat-embed-core-10.1.16.jar:10.1.16]
	at org.apache.tomcat.util.threads.ThreadPoolExecutor.runWorker(ThreadPoolExecutor.java:1191) ~[tomcat-embed-core-10.1.16.jar:10.1.16]
	at org.apache.tomcat.util.threads.ThreadPoolExecutor$Worker.run(ThreadPoolExecutor.java:659) ~[tomcat-embed-core-10.1.16.jar:10.1.16]
	at org.apache.tomcat.util.threads.TaskThread$WrappingRunnable.run(TaskThread.java:61) ~[tomcat-embed-core-10.1.16.jar:10.1.16]
	at java.base/java.lang.Thread.run(Thread.java:842) ~[na:na]

2025-11-19T22:32:10.898+08:00  INFO 22936 --- [http-nio-8080-exec-6] com.alibaba.nacos.client.naming          : [SUBSCRIBE-SERVICE] service:blog-service, group:DEFAULT_GROUP, clusters: 
2025-11-19T22:32:10.919+08:00  INFO 22936 --- [http-nio-8080-exec-6] com.alibaba.nacos.client.naming          : init new ips(1) service: DEFAULT_GROUP@@blog-service -> [{"ip":"192.168.81.150","port":9090,"weight":1.0,"healthy":true,"enabled":true,"ephemeral":true,"clusterName":"DEFAULT","serviceName":"DEFAULT_GROUP@@blog-service","metadata":{"preserved.register.source":"SPRING_CLOUD","IPv6":"[2408:8459:660:aaf:c363:e9d7:6cc:6a0f]"},"ipDeleteTimeout":30000,"instanceHeartBeatTimeOut":15000,"instanceHeartBeatInterval":5000}]
2025-11-19T22:32:10.921+08:00  INFO 22936 --- [http-nio-8080-exec-6] com.alibaba.nacos.client.naming          : current ips:(1) service: DEFAULT_GROUP@@blog-service -> [{"ip":"192.168.81.150","port":9090,"weight":1.0,"healthy":true,"enabled":true,"ephemeral":true,"clusterName":"DEFAULT","serviceName":"DEFAULT_GROUP@@blog-service","metadata":{"preserved.register.source":"SPRING_CLOUD","IPv6":"[2408:8459:660:aaf:c363:e9d7:6cc:6a0f]"},"ipDeleteTimeout":30000,"instanceHeartBeatTimeOut":15000,"instanceHeartBeatInterval":5000}]
2025-11-19T22:32:11.655+08:00  INFO 22936 --- [http-nio-8080-exec-6] com.zaxxer.hikari.HikariDataSource       : HikariPool-1 - Starting...
2025-11-19T22:32:11.748+08:00  INFO 22936 --- [nacos-grpc-client-executor-127.0.0.1-114] com.alibaba.nacos.common.remote.client   : [82cd1383-58cf-4f96-a2a0-1be2879d1603] Receive server push request, request = NotifySubscriberRequest, requestId = 1
2025-11-19T22:32:11.749+08:00  INFO 22936 --- [nacos-grpc-client-executor-127.0.0.1-114] com.alibaba.nacos.common.remote.client   : [82cd1383-58cf-4f96-a2a0-1be2879d1603] Ack server push request, request = NotifySubscriberRequest, requestId = 1
2025-11-19T22:32:11.857+08:00  INFO 22936 --- [http-nio-8080-exec-6] com.zaxxer.hikari.pool.HikariPool        : HikariPool-1 - Added connection com.mysql.cj.jdbc.ConnectionImpl@7215448f
2025-11-19T22:32:11.859+08:00  INFO 22936 --- [http-nio-8080-exec-6] com.zaxxer.hikari.HikariDataSource       : HikariPool-1 - Start completed.
2025-11-19T22:32:43.265+08:00  WARN 22936 --- [Thread-7] c.a.nacos.common.notify.NotifyCenter     : [NotifyCenter] Start destroying Publisher
2025-11-19T22:32:43.265+08:00  WARN 22936 --- [Thread-1] c.a.n.common.http.HttpClientBeanHolder   : [HttpClientBeanHolder] Start destroying common HttpClient
2025-11-19T22:32:43.265+08:00  WARN 22936 --- [Thread-7] c.a.nacos.common.notify.NotifyCenter     : [NotifyCenter] Destruction of the end
2025-11-19T22:32:43.266+08:00  WARN 22936 --- [Thread-1] c.a.n.common.http.HttpClientBeanHolder   : [HttpClientBeanHolder] Destruction of the end
2025-11-19T22:32:43.298+08:00  INFO 22936 --- [SpringApplicationShutdownHook] c.a.c.n.registry.NacosServiceRegistry    : De-registering from Nacos Server now...
2025-11-19T22:32:43.298+08:00  INFO 22936 --- [SpringApplicationShutdownHook] com.alibaba.nacos.client.naming          : [DEREGISTER-SERVICE] public deregistering service user-service with instance: Instance{instanceId='null', ip='192.168.81.150', port=8080, weight=1.0, healthy=true, enabled=true, ephemeral=true, clusterName='DEFAULT', serviceName='null', metadata={}}
2025-11-19T22:32:43.301+08:00  INFO 22936 --- [SpringApplicationShutdownHook] c.a.c.n.registry.NacosServiceRegistry    : De-registration finished.
2025-11-19T22:32:43.302+08:00  INFO 22936 --- [SpringApplicationShutdownHook] com.alibaba.nacos.client.naming          : com.alibaba.nacos.client.naming.cache.ServiceInfoHolder do shutdown begin
2025-11-19T22:32:43.302+08:00  INFO 22936 --- [SpringApplicationShutdownHook] com.alibaba.nacos.client.naming          : com.alibaba.nacos.client.naming.backups.FailoverReactor do shutdown begin
2025-11-19T22:32:43.302+08:00  INFO 22936 --- [SpringApplicationShutdownHook] com.alibaba.nacos.client.naming          : com.alibaba.nacos.client.naming.backups.FailoverReactor do shutdown stop
2025-11-19T22:32:43.302+08:00  INFO 22936 --- [SpringApplicationShutdownHook] com.alibaba.nacos.client.naming          : com.alibaba.nacos.client.naming.cache.ServiceInfoHolder do shutdown stop
2025-11-19T22:32:43.302+08:00  INFO 22936 --- [SpringApplicationShutdownHook] com.alibaba.nacos.client.naming          : com.alibaba.nacos.client.naming.remote.NamingClientProxyDelegate do shutdown begin
2025-11-19T22:32:43.302+08:00  INFO 22936 --- [SpringApplicationShutdownHook] com.alibaba.nacos.client.naming          : com.alibaba.nacos.client.naming.core.ServiceInfoUpdateService do shutdown begin
2025-11-19T22:32:43.302+08:00  INFO 22936 --- [SpringApplicationShutdownHook] com.alibaba.nacos.client.naming          : com.alibaba.nacos.client.naming.core.ServiceInfoUpdateService do shutdown stop
2025-11-19T22:32:43.303+08:00  INFO 22936 --- [SpringApplicationShutdownHook] com.alibaba.nacos.client.naming          : com.alibaba.nacos.client.naming.core.ServerListManager do shutdown begin
2025-11-19T22:32:43.303+08:00  WARN 22936 --- [SpringApplicationShutdownHook] com.alibaba.nacos.client.naming          : [NamingHttpClientManager] Start destroying NacosRestTemplate
2025-11-19T22:32:43.303+08:00  WARN 22936 --- [SpringApplicationShutdownHook] com.alibaba.nacos.client.naming          : [NamingHttpClientManager] Destruction of the end
2025-11-19T22:32:43.303+08:00  INFO 22936 --- [SpringApplicationShutdownHook] com.alibaba.nacos.client.naming          : com.alibaba.nacos.client.naming.core.ServerListManager do shutdown stop
2025-11-19T22:32:43.303+08:00  INFO 22936 --- [SpringApplicationShutdownHook] com.alibaba.nacos.client.naming          : com.alibaba.nacos.client.naming.remote.http.NamingHttpClientProxy do shutdown begin
2025-11-19T22:32:43.303+08:00  WARN 22936 --- [SpringApplicationShutdownHook] com.alibaba.nacos.client.naming          : [NamingHttpClientManager] Start destroying NacosRestTemplate
2025-11-19T22:32:43.303+08:00  WARN 22936 --- [SpringApplicationShutdownHook] com.alibaba.nacos.client.naming          : [NamingHttpClientManager] Destruction of the end
2025-11-19T22:32:43.303+08:00  INFO 22936 --- [SpringApplicationShutdownHook] com.alibaba.nacos.client.naming          : com.alibaba.nacos.client.naming.remote.http.NamingHttpClientProxy do shutdown stop
2025-11-19T22:32:43.303+08:00  INFO 22936 --- [SpringApplicationShutdownHook] com.alibaba.nacos.common.remote.client   : Shutdown rpc client, set status to shutdown
2025-11-19T22:32:43.303+08:00  INFO 22936 --- [SpringApplicationShutdownHook] com.alibaba.nacos.common.remote.client   : Shutdown client event executor java.util.concurrent.ScheduledThreadPoolExecutor@6cca5b05[Running, pool size = 2, active threads = 2, queued tasks = 0, completed tasks = 0]
2025-11-19T22:32:43.303+08:00  INFO 22936 --- [SpringApplicationShutdownHook] com.alibaba.nacos.common.remote.client   : Close current connection 1763562283860_127.0.0.1_63821
2025-11-19T22:32:43.304+08:00  INFO 22936 --- [nacos-grpc-client-executor-127.0.0.1-121] c.a.n.c.remote.client.grpc.GrpcClient    : [1763562283860_127.0.0.1_63821]Ignore complete event,isRunning:false,isAbandon=false
2025-11-19T22:32:43.308+08:00  INFO 22936 --- [SpringApplicationShutdownHook] c.a.n.c.remote.client.grpc.GrpcClient    : Shutdown grpc executor java.util.concurrent.ThreadPoolExecutor@47eaabf2[Running, pool size = 4, active threads = 0, queued tasks = 0, completed tasks = 122]
2025-11-19T22:32:43.309+08:00  INFO 22936 --- [SpringApplicationShutdownHook] com.alibaba.nacos.client.naming          : Shutdown grpc redo service executor java.util.concurrent.ScheduledThreadPoolExecutor@70d86bfd[Running, pool size = 1, active threads = 0, queued tasks = 1, completed tasks = 159]
2025-11-19T22:32:43.309+08:00  INFO 22936 --- [SpringApplicationShutdownHook] c.a.n.c.a.r.identify.CredentialWatcher   : [null] CredentialWatcher is stopped
2025-11-19T22:32:43.309+08:00  INFO 22936 --- [SpringApplicationShutdownHook] c.a.n.c.a.r.identify.CredentialService   : [null] CredentialService is freed
2025-11-19T22:32:43.309+08:00  INFO 22936 --- [SpringApplicationShutdownHook] com.alibaba.nacos.client.naming          : com.alibaba.nacos.client.naming.remote.NamingClientProxyDelegate do shutdown stop
2025-11-19T22:32:43.312+08:00  INFO 22936 --- [SpringApplicationShutdownHook] com.zaxxer.hikari.HikariDataSource       : HikariPool-1 - Shutdown initiated...
2025-11-19T22:32:43.320+08:00  INFO 22936 --- [SpringApplicationShutdownHook] com.zaxxer.hikari.HikariDataSource       : HikariPool-1 - Shutdown completed.
